------------------------------------------------------------------------------------------------------------------------

[2023-05-12 05:38:50 #1 store] 
Database '/home/josu/eclipse-workspace/Bets21/src/main/resources/bets.temp' is opened by 79472@jabox

[2023-05-12 05:38:51 #2 type] 
Type domain.Erabiltzaile is not enhanced.

[2023-05-12 05:38:51 #3 type] 
Type domain.User is not enhanced.

[2023-05-12 05:38:51 #4 type] 
Type domain.Buzoia is not enhanced.

[2023-05-12 05:38:51 #5 type] 
Type domain.Mugimendua is not enhanced.

[2023-05-12 05:38:51 #6 type] 
Type domain.Mezua is not enhanced.

[2023-05-12 05:38:51 #7 type] 
Type domain.Question is not enhanced.

[2023-05-12 05:38:51 #8 type] 
Type domain.Event is not enhanced.

[2023-05-12 05:38:51 #9 type] 
Type domain.Quote is not enhanced.

[2023-05-12 05:38:51 #10 type] 
Type domain.Admin is not enhanced.

[2023-05-12 05:38:51 #11 type] 
Type domain.Langile is not enhanced.

[2023-05-12 05:38:51 #12 type] 
Type domain.Apostatu is not enhanced.

------------------------------------------------------------------------------------------------------------------------

[2023-05-12 05:43:54 #1 store] 
Database '/home/josu/eclipse-workspace/Bets21/src/main/resources/bets.temp' is opened by 81135@jabox

[2023-05-12 05:43:55 #2 type] 
Type domain.Erabiltzaile is not enhanced.

[2023-05-12 05:43:55 #3 type] 
Type domain.User is not enhanced.

[2023-05-12 05:43:55 #4 type] 
Type domain.Buzoia is not enhanced.

[2023-05-12 05:43:55 #5 type] 
Type domain.Mugimendua is not enhanced.

[2023-05-12 05:43:55 #6 type] 
Type domain.Mezua is not enhanced.

[2023-05-12 05:43:55 #7 type] 
Type domain.Question is not enhanced.

[2023-05-12 05:43:55 #8 type] 
Type domain.Event is not enhanced.

[2023-05-12 05:43:55 #9 type] 
Type domain.Quote is not enhanced.

[2023-05-12 05:43:55 #10 type] 
Type domain.Admin is not enhanced.

[2023-05-12 05:43:55 #11 type] 
Type domain.Langile is not enhanced.

[2023-05-12 05:43:55 #12 type] 
Type domain.Apostatu is not enhanced.

------------------------------------------------------------------------------------------------------------------------

[2023-05-12 05:44:15 #1 store] 
Database '/home/josu/eclipse-workspace/Bets21/src/main/resources/bets.temp' is opened by 81284@jabox

[2023-05-12 05:44:15 #2 type] 
Type domain.Erabiltzaile is not enhanced.

[2023-05-12 05:44:15 #3 type] 
Type domain.User is not enhanced.

[2023-05-12 05:44:15 #4 type] 
Type domain.Buzoia is not enhanced.

[2023-05-12 05:44:15 #5 type] 
Type domain.Mugimendua is not enhanced.

[2023-05-12 05:44:15 #6 type] 
Type domain.Mezua is not enhanced.

[2023-05-12 05:44:16 #7 type] 
Type domain.Question is not enhanced.

[2023-05-12 05:44:16 #8 type] 
Type domain.Event is not enhanced.

[2023-05-12 05:44:16 #9 type] 
Type domain.Quote is not enhanced.

[2023-05-12 05:44:16 #10 type] 
Type domain.Admin is not enhanced.

[2023-05-12 05:44:16 #11 type] 
Type domain.Langile is not enhanced.

[2023-05-12 05:44:16 #12 type] 
Type domain.Apostatu is not enhanced.

------------------------------------------------------------------------------------------------------------------------

[2023-05-12 05:46:15 #1 store] 
Database '/home/josu/eclipse-workspace/Bets21/src/main/resources/bets.temp' is opened by 81921@jabox

[2023-05-12 05:46:16 #2 type] 
Type domain.Erabiltzaile is not enhanced.

[2023-05-12 05:46:16 #3 type] 
Type domain.User is not enhanced.

[2023-05-12 05:46:16 #4 type] 
Type domain.Buzoia is not enhanced.

[2023-05-12 05:46:16 #5 type] 
Type domain.Mugimendua is not enhanced.

[2023-05-12 05:46:16 #6 type] 
Type domain.Mezua is not enhanced.

[2023-05-12 05:46:16 #7 type] 
Type domain.Question is not enhanced.

[2023-05-12 05:46:16 #8 type] 
Type domain.Event is not enhanced.

[2023-05-12 05:46:16 #9 type] 
Type domain.Quote is not enhanced.

[2023-05-12 05:46:16 #10 type] 
Type domain.Admin is not enhanced.

[2023-05-12 05:46:16 #11 type] 
Type domain.Langile is not enhanced.

[2023-05-12 05:46:16 #12 type] 
Type domain.Apostatu is not enhanced.

------------------------------------------------------------------------------------------------------------------------

[2023-05-12 05:48:04 #1 store] 
Database '/home/josu/eclipse-workspace/Bets21/src/main/resources/bets.temp' is opened by 82569@jabox

[2023-05-12 05:48:04 #2 type] 
Type domain.Erabiltzaile is not enhanced.

[2023-05-12 05:48:04 #3 type] 
Type domain.User is not enhanced.

[2023-05-12 05:48:04 #4 type] 
Type domain.Buzoia is not enhanced.

[2023-05-12 05:48:04 #5 type] 
Type domain.Mugimendua is not enhanced.

[2023-05-12 05:48:04 #6 type] 
Type domain.Mezua is not enhanced.

[2023-05-12 05:48:04 #7 type] 
Type domain.Question is not enhanced.

[2023-05-12 05:48:04 #8 type] 
Type domain.Event is not enhanced.

[2023-05-12 05:48:04 #9 type] 
Type domain.Quote is not enhanced.

[2023-05-12 05:48:04 #10 type] 
Type domain.Admin is not enhanced.

[2023-05-12 05:48:04 #11 type] 
Type domain.Langile is not enhanced.

[2023-05-12 05:48:04 #12 type] 
Type domain.Apostatu is not enhanced.

------------------------------------------------------------------------------------------------------------------------

[2023-05-12 05:48:23 #1 store] 
Database '/home/josu/eclipse-workspace/Bets21/src/main/resources/bets.temp' is opened by 82729@jabox

[2023-05-12 05:48:24 #2 type] 
Type domain.Erabiltzaile is not enhanced.

[2023-05-12 05:48:24 #3 type] 
Type domain.User is not enhanced.

[2023-05-12 05:48:24 #4 type] 
Type domain.Buzoia is not enhanced.

[2023-05-12 05:48:24 #5 type] 
Type domain.Mugimendua is not enhanced.

[2023-05-12 05:48:24 #6 type] 
Type domain.Mezua is not enhanced.

[2023-05-12 05:48:24 #7 type] 
Type domain.Question is not enhanced.

[2023-05-12 05:48:24 #8 type] 
Type domain.Event is not enhanced.

[2023-05-12 05:48:24 #9 type] 
Type domain.Quote is not enhanced.

[2023-05-12 05:48:24 #10 type] 
Type domain.Admin is not enhanced.

[2023-05-12 05:48:24 #11 type] 
Type domain.Langile is not enhanced.

[2023-05-12 05:48:24 #12 type] 
Type domain.Apostatu is not enhanced.

------------------------------------------------------------------------------------------------------------------------

[2023-05-12 06:05:11 #1 store] 
Database '/home/josu/eclipse-workspace/Bets21/src/main/resources/bets.temp' is opened by 87782@jabox

[2023-05-12 06:05:12 #2 type] 
Type domain.Erabiltzaile is not enhanced.

[2023-05-12 06:05:12 #3 type] 
Type domain.User is not enhanced.

[2023-05-12 06:05:12 #4 type] 
Type domain.Buzoia is not enhanced.

[2023-05-12 06:05:12 #5 type] 
Type domain.Mugimendua is not enhanced.

[2023-05-12 06:05:12 #6 type] 
Type domain.Mezua is not enhanced.

[2023-05-12 06:05:12 #7 type] 
Type domain.Question is not enhanced.

[2023-05-12 06:05:12 #8 type] 
Type domain.Event is not enhanced.

[2023-05-12 06:05:12 #9 type] 
Type domain.Quote is not enhanced.

[2023-05-12 06:05:12 #10 type] 
Type domain.Admin is not enhanced.

[2023-05-12 06:05:12 #11 type] 
Type domain.Langile is not enhanced.

[2023-05-12 06:05:12 #12 type] 
Type domain.Apostatu is not enhanced.

------------------------------------------------------------------------------------------------------------------------

[2023-05-12 06:07:33 #1 store] 
Database '/home/josu/eclipse-workspace/Bets21/src/main/resources/bets.temp' has been recovered (tr. 62-62)

[2023-05-12 06:07:33 #2 store] 
Database '/home/josu/eclipse-workspace/Bets21/src/main/resources/bets.temp' is opened by 88497@jabox

[2023-05-12 06:07:34 #3 type] 
Type domain.Erabiltzaile is not enhanced.

[2023-05-12 06:07:34 #4 type] 
Type domain.User is not enhanced.

[2023-05-12 06:07:34 #5 type] 
Type domain.Buzoia is not enhanced.

[2023-05-12 06:07:34 #6 type] 
Type domain.Mugimendua is not enhanced.

[2023-05-12 06:07:34 #7 type] 
Type domain.Mezua is not enhanced.

[2023-05-12 06:07:34 #8 type] 
Type domain.Question is not enhanced.

[2023-05-12 06:07:34 #9 type] 
Type domain.Event is not enhanced.

[2023-05-12 06:07:34 #10 type] 
Type domain.Quote is not enhanced.

[2023-05-12 06:07:34 #11 type] 
Type domain.Admin is not enhanced.

[2023-05-12 06:07:34 #12 type] 
Type domain.Langile is not enhanced.

[2023-05-12 06:07:34 #13 type] 
Type domain.Apostatu is not enhanced.

------------------------------------------------------------------------------------------------------------------------

[2023-05-12 07:55:41 #1 store] 
Database '/home/josu/eclipse-workspace/Bets21/src/main/resources/bets.temp' is opened by 122151@jabox

[2023-05-12 07:55:41 #2 type] 
Type domain.Erabiltzaile is not enhanced.

[2023-05-12 07:55:42 #3 type] 
Type domain.User is not enhanced.

[2023-05-12 07:55:42 #4 type] 
Type domain.Buzoia is not enhanced.

[2023-05-12 07:55:42 #5 type] 
Type domain.Mugimendua is not enhanced.

[2023-05-12 07:55:42 #6 type] 
Type domain.Mezua is not enhanced.

[2023-05-12 07:55:42 #7 type] 
Type domain.Question is not enhanced.

[2023-05-12 07:55:42 #8 type] 
Type domain.Event is not enhanced.

[2023-05-12 07:55:42 #9 type] 
Type domain.Quote is not enhanced.

[2023-05-12 07:55:42 #10 type] 
Type domain.Admin is not enhanced.

[2023-05-12 07:55:42 #11 type] 
Type domain.Langile is not enhanced.

[2023-05-12 07:55:42 #12 type] 
Type domain.Apostatu is not enhanced.

------------------------------------------------------------------------------------------------------------------------

[2023-05-12 07:56:00 #1 store] 
Database '/home/josu/eclipse-workspace/Bets21/src/main/resources/bets.temp' is opened by 122293@jabox

[2023-05-12 07:56:01 #2 type] 
Type domain.Erabiltzaile is not enhanced.

[2023-05-12 07:56:01 #3 type] 
Type domain.User is not enhanced.

[2023-05-12 07:56:01 #4 type] 
Type domain.Buzoia is not enhanced.

[2023-05-12 07:56:01 #5 type] 
Type domain.Mugimendua is not enhanced.

[2023-05-12 07:56:01 #6 type] 
Type domain.Mezua is not enhanced.

[2023-05-12 07:56:01 #7 type] 
Type domain.Question is not enhanced.

[2023-05-12 07:56:01 #8 type] 
Type domain.Event is not enhanced.

[2023-05-12 07:56:01 #9 type] 
Type domain.Quote is not enhanced.

[2023-05-12 07:56:01 #10 type] 
Type domain.Admin is not enhanced.

[2023-05-12 07:56:01 #11 type] 
Type domain.Langile is not enhanced.

[2023-05-12 07:56:01 #12 type] 
Type domain.Apostatu is not enhanced.

------------------------------------------------------------------------------------------------------------------------

[2023-05-12 08:21:27 #1 store] 
Database '/home/josu/eclipse-workspace/Bets21/src/main/resources/bets.temp' is opened by 130560@jabox

[2023-05-12 08:21:27 #2 store] 
Configuration path: ?

[2023-05-12 08:21:27 #3 type] 
Type domain.Erabiltzaile is not enhanced.

[2023-05-12 08:21:27 #4 type] 
Type domain.User is not enhanced.

[2023-05-12 08:21:27 #5 type] 
Type domain.Buzoia is not enhanced.

[2023-05-12 08:21:27 #6 type] 
Type domain.Mugimendua is not enhanced.

[2023-05-12 08:21:27 #7 type] 
Type domain.Mezua is not enhanced.

[2023-05-12 08:21:27 #8 type] 
Type domain.Question is not enhanced.

[2023-05-12 08:21:27 #9 type] 
Type domain.Event is not enhanced.

[2023-05-12 08:21:27 #10 type] 
Type domain.Quote is not enhanced.

[2023-05-12 08:21:27 #11 type] 
Type domain.Admin is not enhanced.

[2023-05-12 08:21:27 #12 type] 
Type domain.Langile is not enhanced.

[2023-05-12 08:21:27 #13 type] 
Type domain.Apostatu is not enhanced.

