------------------------------------------------------------------------------------------------------------------------

[2023-05-09 19:38:51 #1 store] 
Database 'C:\Users\PC\eclipse-workspace\Bets21\src\main\resources\bets.temp' is opened by 3056@LAPTOP-P1V2HGHC

[2023-05-09 19:38:51 #2 type] 
Type domain.Erabiltzaile is not enhanced.

[2023-05-09 19:38:51 #3 type] 
Type domain.User is not enhanced.

[2023-05-09 19:38:51 #4 type] 
Type domain.Buzoia is not enhanced.

[2023-05-09 19:38:51 #5 type] 
Type domain.Mugimendua is not enhanced.

[2023-05-09 19:38:51 #6 type] 
Type domain.Mezua is not enhanced.

[2023-05-09 19:38:51 #7 type] 
Type domain.Question is not enhanced.

[2023-05-09 19:38:51 #8 type] 
Type domain.Event is not enhanced.

[2023-05-09 19:38:51 #9 type] 
Type domain.Quote is not enhanced.

[2023-05-09 19:38:51 #10 type] 
Type domain.Admin is not enhanced.

[2023-05-09 19:38:51 #11 type] 
Type domain.Langile is not enhanced.

[2023-05-09 19:44:32 #12 type.registry] 
New type domain.Apostatu

[2023-05-09 19:44:32 #13 type] 
Type domain.Apostatu is not enhanced.

------------------------------------------------------------------------------------------------------------------------

[2023-05-09 19:45:03 #1 store] 
Database 'C:\Users\PC\eclipse-workspace\Bets21\src\main\resources\bets.temp' is opened by 13604@LAPTOP-P1V2HGHC

[2023-05-09 19:45:03 #2 type.registry] 
New type domain.Erabiltzaile

[2023-05-09 19:45:03 #3 type.registry] 
New type domain.User

[2023-05-09 19:45:03 #4 type] 
Type domain.Erabiltzaile is not enhanced.

[2023-05-09 19:45:03 #5 type.registry] 
New type domain.Buzoia

[2023-05-09 19:45:03 #6 type] 
Type domain.User is not enhanced.

[2023-05-09 19:45:03 #7 type.registry] 
New type domain.Mugimendua

[2023-05-09 19:45:03 #8 type.registry] 
New type java.util.LinkedList<domain.Mugimendua>

[2023-05-09 19:45:03 #9 type] 
Type domain.Buzoia is not enhanced.

[2023-05-09 19:45:03 #10 type.registry] 
New type domain.Mezua

[2023-05-09 19:45:03 #11 type.registry] 
New type java.util.LinkedList<domain.Mezua>

[2023-05-09 19:45:03 #12 type] 
Type domain.Mugimendua is not enhanced.

[2023-05-09 19:45:03 #13 type.registry] 
New type domain.Question

[2023-05-09 19:45:03 #14 type.registry] 
New type domain.Event

[2023-05-09 19:45:03 #15 type] 
Type domain.Mezua is not enhanced.

[2023-05-09 19:45:03 #16 type] 
Type domain.Question is not enhanced.

[2023-05-09 19:45:03 #17 type.registry] 
New type domain.Quote

[2023-05-09 19:45:03 #18 type.registry] 
New type java.util.Vector<domain.Quote>

[2023-05-09 19:45:03 #19 type.registry] 
New type java.util.ArrayList<java.lang.Integer>

[2023-05-09 19:45:03 #20 type] 
Type domain.Event is not enhanced.

[2023-05-09 19:45:03 #21 type.registry] 
New type java.util.Vector<domain.Question>

[2023-05-09 19:45:03 #22 type] 
Type domain.Quote is not enhanced.

[2023-05-09 19:45:03 #23 type.registry] 
New type domain.Admin

[2023-05-09 19:45:03 #24 type] 
Type domain.Admin is not enhanced.

[2023-05-09 19:45:03 #25 type.registry] 
New type domain.Langile

[2023-05-09 19:45:03 #26 type] 
Type domain.Langile is not enhanced.

[2023-05-09 19:45:03 #27 type.registry] 
New type java.util.LinkedList<java.lang.Object>

[2023-05-09 19:45:03 #28 type.registry] 
New type java.util.Vector<java.lang.Object>

[2023-05-09 19:45:03 #29 type.registry] 
New type java.util.ArrayList<java.lang.Object>

------------------------------------------------------------------------------------------------------------------------

[2023-05-09 19:45:13 #1 store] 
Database 'C:\Users\PC\eclipse-workspace\Bets21\src\main\resources\bets.temp' has been recovered (tr. 1-9)

[2023-05-09 19:45:13 #2 store] 
Database 'C:\Users\PC\eclipse-workspace\Bets21\src\main\resources\bets.temp' is opened by 13792@LAPTOP-P1V2HGHC

[2023-05-09 19:45:13 #3 type] 
Type domain.Erabiltzaile is not enhanced.

[2023-05-09 19:45:13 #4 type] 
Type domain.User is not enhanced.

[2023-05-09 19:45:13 #5 type] 
Type domain.Buzoia is not enhanced.

[2023-05-09 19:45:13 #6 type] 
Type domain.Mugimendua is not enhanced.

[2023-05-09 19:45:13 #7 type] 
Type domain.Mezua is not enhanced.

[2023-05-09 19:45:13 #8 type] 
Type domain.Question is not enhanced.

[2023-05-09 19:45:13 #9 type] 
Type domain.Event is not enhanced.

[2023-05-09 19:45:13 #10 type] 
Type domain.Quote is not enhanced.

[2023-05-09 19:45:13 #11 type] 
Type domain.Admin is not enhanced.

[2023-05-09 19:45:13 #12 type] 
Type domain.Langile is not enhanced.

