------------------------------------------------------------------------------------------------------------------------

[2023-05-04 18:03:36 #1 store] 
Database 'C:\Users\PC\eclipse-workspace\Bets21\src\main\resources\bets.temp' is opened by 17836@LAPTOP-P1V2HGHC

[2023-05-04 18:03:36 #2 type.registry] 
New type domain.Erabiltzaile

[2023-05-04 18:03:36 #3 type.registry] 
New type domain.User

[2023-05-04 18:03:36 #4 type] 
Type domain.Erabiltzaile is not enhanced.

[2023-05-04 18:03:36 #5 type.registry] 
New type domain.Buzoia

[2023-05-04 18:03:36 #6 type] 
Type domain.User is not enhanced.

[2023-05-04 18:03:36 #7 type.registry] 
New type domain.Mugimendua

[2023-05-04 18:03:36 #8 type.registry] 
New type java.util.LinkedList<domain.Mugimendua>

[2023-05-04 18:03:36 #9 type] 
Type domain.Buzoia is not enhanced.

[2023-05-04 18:03:36 #10 type.registry] 
New type domain.Mezua

[2023-05-04 18:03:36 #11 type.registry] 
New type java.util.LinkedList<domain.Mezua>

[2023-05-04 18:03:36 #12 type] 
Type domain.Mugimendua is not enhanced.

[2023-05-04 18:03:36 #13 type.registry] 
New type domain.Question

[2023-05-04 18:03:36 #14 type.registry] 
New type domain.Event

[2023-05-04 18:03:36 #15 type] 
Type domain.Mezua is not enhanced.

[2023-05-04 18:03:36 #16 type] 
Type domain.Question is not enhanced.

[2023-05-04 18:03:36 #17 type.registry] 
New type domain.Quote

[2023-05-04 18:03:36 #18 type.registry] 
New type java.util.Vector<domain.Quote>

[2023-05-04 18:03:36 #19 type.registry] 
New type java.util.ArrayList<java.lang.Integer>

[2023-05-04 18:03:36 #20 type] 
Type domain.Event is not enhanced.

[2023-05-04 18:03:36 #21 type.registry] 
New type java.util.Vector<domain.Question>

[2023-05-04 18:03:36 #22 type] 
Type domain.Quote is not enhanced.

[2023-05-04 18:03:36 #23 type.registry] 
New type domain.Admin

[2023-05-04 18:03:36 #24 type] 
Type domain.Admin is not enhanced.

[2023-05-04 18:03:36 #25 type.registry] 
New type domain.Langile

[2023-05-04 18:03:36 #26 type] 
Type domain.Langile is not enhanced.

[2023-05-04 18:03:36 #27 type.registry] 
New type java.util.LinkedList<java.lang.Object>

[2023-05-04 18:03:36 #28 type.registry] 
New type java.util.Vector<java.lang.Object>

[2023-05-04 18:03:36 #29 type.registry] 
New type java.util.ArrayList<java.lang.Object>

------------------------------------------------------------------------------------------------------------------------

[2023-05-04 18:04:04 #1 store] 
Database 'C:\Users\PC\eclipse-workspace\Bets21\src\main\resources\bets.temp' has been recovered (tr. 1-9)

[2023-05-04 18:04:04 #2 store] 
Database 'C:\Users\PC\eclipse-workspace\Bets21\src\main\resources\bets.temp' is opened by 13416@LAPTOP-P1V2HGHC

[2023-05-04 18:04:04 #3 type] 
Type domain.Erabiltzaile is not enhanced.

[2023-05-04 18:04:04 #4 type] 
Type domain.User is not enhanced.

[2023-05-04 18:04:04 #5 type] 
Type domain.Buzoia is not enhanced.

[2023-05-04 18:04:04 #6 type] 
Type domain.Mugimendua is not enhanced.

[2023-05-04 18:04:04 #7 type] 
Type domain.Mezua is not enhanced.

[2023-05-04 18:04:04 #8 type] 
Type domain.Question is not enhanced.

[2023-05-04 18:04:04 #9 type] 
Type domain.Event is not enhanced.

[2023-05-04 18:04:04 #10 type] 
Type domain.Quote is not enhanced.

[2023-05-04 18:04:04 #11 type] 
Type domain.Admin is not enhanced.

[2023-05-04 18:04:04 #12 type] 
Type domain.Langile is not enhanced.

------------------------------------------------------------------------------------------------------------------------

[2023-05-04 18:05:56 #1 store] 
Database 'C:\Users\PC\eclipse-workspace\Bets21\src\main\resources\bets.temp' is opened by 19844@LAPTOP-P1V2HGHC

[2023-05-04 18:05:56 #2 type] 
Type domain.Erabiltzaile is not enhanced.

[2023-05-04 18:05:56 #3 type] 
Type domain.User is not enhanced.

[2023-05-04 18:05:56 #4 type] 
Type domain.Buzoia is not enhanced.

[2023-05-04 18:05:56 #5 type] 
Type domain.Mugimendua is not enhanced.

[2023-05-04 18:05:56 #6 type] 
Type domain.Mezua is not enhanced.

[2023-05-04 18:05:56 #7 type] 
Type domain.Question is not enhanced.

[2023-05-04 18:05:56 #8 type] 
Type domain.Event is not enhanced.

[2023-05-04 18:05:56 #9 type] 
Type domain.Quote is not enhanced.

[2023-05-04 18:05:56 #10 type] 
Type domain.Admin is not enhanced.

[2023-05-04 18:05:56 #11 type] 
Type domain.Langile is not enhanced.

------------------------------------------------------------------------------------------------------------------------

[2023-05-04 18:09:45 #1 store] 
Database 'C:\Users\PC\eclipse-workspace\Bets21\src\main\resources\bets.temp' has been recovered (tr. 10-11)

[2023-05-04 18:09:45 #2 store] 
Database 'C:\Users\PC\eclipse-workspace\Bets21\src\main\resources\bets.temp' is opened by 2992@LAPTOP-P1V2HGHC

[2023-05-04 18:09:45 #3 type] 
Type domain.Erabiltzaile is not enhanced.

[2023-05-04 18:09:45 #4 type] 
Type domain.User is not enhanced.

[2023-05-04 18:09:45 #5 type] 
Type domain.Buzoia is not enhanced.

[2023-05-04 18:09:45 #6 type] 
Type domain.Mugimendua is not enhanced.

[2023-05-04 18:09:45 #7 type] 
Type domain.Mezua is not enhanced.

[2023-05-04 18:09:45 #8 type] 
Type domain.Question is not enhanced.

[2023-05-04 18:09:45 #9 type] 
Type domain.Event is not enhanced.

[2023-05-04 18:09:45 #10 type] 
Type domain.Quote is not enhanced.

[2023-05-04 18:09:45 #11 type] 
Type domain.Admin is not enhanced.

[2023-05-04 18:09:45 #12 type] 
Type domain.Langile is not enhanced.

[2023-05-04 18:11:39 #13 type.registry] 
New type domain.Apostatu

[2023-05-04 18:11:39 #14 type] 
Type domain.Apostatu is not enhanced.

