------------------------------------------------------------------------------------------------------------------------

[2023-05-01 16:42:02 #1 store] 
Database 'C:\Users\PC\eclipse-workspace\Bets21\src\main\resources\bets.temp' is opened by 7324@LAPTOP-P1V2HGHC

[2023-05-01 16:42:02 #2 type.registry] 
New type domain.Erabiltzaile

[2023-05-01 16:42:02 #3 type.registry] 
New type domain.User

[2023-05-01 16:42:02 #4 type] 
Type domain.Erabiltzaile is not enhanced.

[2023-05-01 16:42:02 #5 type] 
Type domain.User is not enhanced.

[2023-05-01 16:42:02 #6 type.registry] 
New type domain.Mugimendua

[2023-05-01 16:42:02 #7 type.registry] 
New type java.util.LinkedList<domain.Mugimendua>

[2023-05-01 16:42:02 #8 type] 
Type domain.Mugimendua is not enhanced.

[2023-05-01 16:42:02 #9 type.registry] 
New type domain.Question

[2023-05-01 16:42:02 #10 type.registry] 
New type domain.Event

[2023-05-01 16:42:02 #11 type] 
Type domain.Question is not enhanced.

[2023-05-01 16:42:02 #12 type.registry] 
New type domain.Quote

[2023-05-01 16:42:02 #13 type.registry] 
New type java.util.Vector<domain.Quote>

[2023-05-01 16:42:02 #14 type.registry] 
New type java.util.ArrayList<java.lang.Integer>

[2023-05-01 16:42:02 #15 type] 
Type domain.Event is not enhanced.

[2023-05-01 16:42:02 #16 type.registry] 
New type java.util.Vector<domain.Question>

[2023-05-01 16:42:02 #17 type] 
Type domain.Quote is not enhanced.

[2023-05-01 16:42:02 #18 type.registry] 
New type domain.Admin

[2023-05-01 16:42:02 #19 type] 
Type domain.Admin is not enhanced.

[2023-05-01 16:42:02 #20 type.registry] 
New type domain.Langile

[2023-05-01 16:42:02 #21 type] 
Type domain.Langile is not enhanced.

[2023-05-01 16:42:02 #22 type.registry] 
New type java.util.LinkedList<java.lang.Object>

[2023-05-01 16:42:02 #23 type.registry] 
New type java.util.Vector<java.lang.Object>

[2023-05-01 16:42:02 #24 type.registry] 
New type java.util.ArrayList<java.lang.Object>

------------------------------------------------------------------------------------------------------------------------

[2023-05-01 16:42:19 #1 store] 
Database 'C:\Users\PC\eclipse-workspace\Bets21\src\main\resources\bets.temp' has been recovered (tr. 1-9)

[2023-05-01 16:42:20 #2 store] 
Database 'C:\Users\PC\eclipse-workspace\Bets21\src\main\resources\bets.temp' is opened by 17160@LAPTOP-P1V2HGHC

[2023-05-01 16:42:20 #3 type] 
Type domain.Erabiltzaile is not enhanced.

[2023-05-01 16:42:20 #4 type] 
Type domain.User is not enhanced.

[2023-05-01 16:42:20 #5 type] 
Type domain.Mugimendua is not enhanced.

[2023-05-01 16:42:20 #6 type] 
Type domain.Question is not enhanced.

[2023-05-01 16:42:20 #7 type] 
Type domain.Event is not enhanced.

[2023-05-01 16:42:20 #8 type] 
Type domain.Quote is not enhanced.

[2023-05-01 16:42:20 #9 type] 
Type domain.Admin is not enhanced.

[2023-05-01 16:42:20 #10 type] 
Type domain.Langile is not enhanced.

[2023-05-01 16:48:26 #11 type.registry] 
New type domain.Apostatu

[2023-05-01 16:48:26 #12 type] 
Type domain.Apostatu is not enhanced.

------------------------------------------------------------------------------------------------------------------------

[2023-05-01 16:51:54 #1 store] 
Database 'C:\Users\PC\eclipse-workspace\Bets21\src\main\resources\bets.temp' is opened by 14408@LAPTOP-P1V2HGHC

[2023-05-01 16:51:54 #2 type.registry] 
New type domain.Erabiltzaile

[2023-05-01 16:51:54 #3 type.registry] 
New type domain.User

[2023-05-01 16:51:54 #4 type] 
Type domain.Erabiltzaile is not enhanced.

[2023-05-01 16:51:54 #5 type] 
Type domain.User is not enhanced.

[2023-05-01 16:51:54 #6 type.registry] 
New type domain.Mugimendua

[2023-05-01 16:51:55 #7 type.registry] 
New type java.util.LinkedList<domain.Mugimendua>

[2023-05-01 16:51:55 #8 type] 
Type domain.Mugimendua is not enhanced.

[2023-05-01 16:51:55 #9 type.registry] 
New type domain.Question

[2023-05-01 16:51:55 #10 type.registry] 
New type domain.Event

[2023-05-01 16:51:55 #11 type] 
Type domain.Question is not enhanced.

[2023-05-01 16:51:55 #12 type.registry] 
New type domain.Quote

[2023-05-01 16:51:55 #13 type.registry] 
New type java.util.Vector<domain.Quote>

[2023-05-01 16:51:55 #14 type.registry] 
New type java.util.ArrayList<java.lang.Integer>

[2023-05-01 16:51:55 #15 type] 
Type domain.Event is not enhanced.

[2023-05-01 16:51:55 #16 type.registry] 
New type java.util.Vector<domain.Question>

[2023-05-01 16:51:55 #17 type] 
Type domain.Quote is not enhanced.

[2023-05-01 16:51:55 #18 type.registry] 
New type domain.Admin

[2023-05-01 16:51:55 #19 type] 
Type domain.Admin is not enhanced.

[2023-05-01 16:51:55 #20 type.registry] 
New type domain.Langile

[2023-05-01 16:51:55 #21 type] 
Type domain.Langile is not enhanced.

[2023-05-01 16:51:55 #22 type.registry] 
New type java.util.LinkedList<java.lang.Object>

[2023-05-01 16:51:55 #23 type.registry] 
New type java.util.Vector<java.lang.Object>

[2023-05-01 16:51:55 #24 type.registry] 
New type java.util.ArrayList<java.lang.Object>

------------------------------------------------------------------------------------------------------------------------

[2023-05-01 16:52:12 #1 store] 
Database 'C:\Users\PC\eclipse-workspace\Bets21\src\main\resources\bets.temp' has been recovered (tr. 1-9)

[2023-05-01 16:52:12 #2 store] 
Database 'C:\Users\PC\eclipse-workspace\Bets21\src\main\resources\bets.temp' is opened by 2752@LAPTOP-P1V2HGHC

[2023-05-01 16:52:12 #3 type] 
Type domain.Erabiltzaile is not enhanced.

[2023-05-01 16:52:12 #4 type] 
Type domain.User is not enhanced.

[2023-05-01 16:52:12 #5 type] 
Type domain.Mugimendua is not enhanced.

[2023-05-01 16:52:12 #6 type] 
Type domain.Question is not enhanced.

[2023-05-01 16:52:12 #7 type] 
Type domain.Event is not enhanced.

[2023-05-01 16:52:12 #8 type] 
Type domain.Quote is not enhanced.

[2023-05-01 16:52:12 #9 type] 
Type domain.Admin is not enhanced.

[2023-05-01 16:52:12 #10 type] 
Type domain.Langile is not enhanced.

[2023-05-01 16:54:01 #11 type.registry] 
New type domain.Apostatu

[2023-05-01 16:54:01 #12 type] 
Type domain.Apostatu is not enhanced.

------------------------------------------------------------------------------------------------------------------------

[2023-05-01 17:02:21 #1 store] 
Database 'C:\Users\PC\eclipse-workspace\Bets21\src\main\resources\bets.temp' is opened by 17052@LAPTOP-P1V2HGHC

[2023-05-01 17:02:22 #2 type.registry] 
New type domain.Erabiltzaile

[2023-05-01 17:02:22 #3 type.registry] 
New type domain.User

[2023-05-01 17:02:22 #4 type] 
Type domain.Erabiltzaile is not enhanced.

[2023-05-01 17:02:22 #5 type] 
Type domain.User is not enhanced.

[2023-05-01 17:02:22 #6 type.registry] 
New type domain.Mugimendua

[2023-05-01 17:02:22 #7 type.registry] 
New type java.util.LinkedList<domain.Mugimendua>

[2023-05-01 17:02:22 #8 type] 
Type domain.Mugimendua is not enhanced.

[2023-05-01 17:02:22 #9 type.registry] 
New type domain.Question

[2023-05-01 17:02:22 #10 type.registry] 
New type domain.Event

[2023-05-01 17:02:22 #11 type] 
Type domain.Question is not enhanced.

[2023-05-01 17:02:22 #12 type.registry] 
New type domain.Quote

[2023-05-01 17:02:22 #13 type.registry] 
New type java.util.Vector<domain.Quote>

[2023-05-01 17:02:22 #14 type.registry] 
New type java.util.ArrayList<java.lang.Integer>

[2023-05-01 17:02:22 #15 type] 
Type domain.Event is not enhanced.

[2023-05-01 17:02:22 #16 type.registry] 
New type java.util.Vector<domain.Question>

[2023-05-01 17:02:22 #17 type] 
Type domain.Quote is not enhanced.

[2023-05-01 17:02:22 #18 type.registry] 
New type domain.Admin

[2023-05-01 17:02:22 #19 type] 
Type domain.Admin is not enhanced.

[2023-05-01 17:02:22 #20 type.registry] 
New type domain.Langile

[2023-05-01 17:02:22 #21 type] 
Type domain.Langile is not enhanced.

[2023-05-01 17:02:22 #22 type.registry] 
New type java.util.LinkedList<java.lang.Object>

[2023-05-01 17:02:22 #23 type.registry] 
New type java.util.Vector<java.lang.Object>

[2023-05-01 17:02:22 #24 type.registry] 
New type java.util.ArrayList<java.lang.Object>

------------------------------------------------------------------------------------------------------------------------

[2023-05-01 17:02:39 #1 store] 
Database 'C:\Users\PC\eclipse-workspace\Bets21\src\main\resources\bets.temp' has been recovered (tr. 1-9)

[2023-05-01 17:02:39 #2 store] 
Database 'C:\Users\PC\eclipse-workspace\Bets21\src\main\resources\bets.temp' is opened by 17832@LAPTOP-P1V2HGHC

[2023-05-01 17:02:39 #3 type] 
Type domain.Erabiltzaile is not enhanced.

[2023-05-01 17:02:39 #4 type] 
Type domain.User is not enhanced.

[2023-05-01 17:02:39 #5 type] 
Type domain.Mugimendua is not enhanced.

[2023-05-01 17:02:39 #6 type] 
Type domain.Question is not enhanced.

[2023-05-01 17:02:39 #7 type] 
Type domain.Event is not enhanced.

[2023-05-01 17:02:39 #8 type] 
Type domain.Quote is not enhanced.

[2023-05-01 17:02:39 #9 type] 
Type domain.Admin is not enhanced.

[2023-05-01 17:02:39 #10 type] 
Type domain.Langile is not enhanced.

[2023-05-01 17:04:17 #11 type.registry] 
New type domain.Apostatu

[2023-05-01 17:04:17 #12 type] 
Type domain.Apostatu is not enhanced.

------------------------------------------------------------------------------------------------------------------------

[2023-05-01 17:05:49 #1 store] 
Database 'C:\Users\PC\eclipse-workspace\Bets21\src\main\resources\bets.temp' has been recovered (tr. 10-28)

[2023-05-01 17:05:49 #2 store] 
Database 'C:\Users\PC\eclipse-workspace\Bets21\src\main\resources\bets.temp' is opened by 15384@LAPTOP-P1V2HGHC

[2023-05-01 17:05:49 #3 type] 
Type domain.Erabiltzaile is not enhanced.

[2023-05-01 17:05:49 #4 type] 
Type domain.User is not enhanced.

[2023-05-01 17:05:49 #5 type] 
Type domain.Mugimendua is not enhanced.

[2023-05-01 17:05:49 #6 type] 
Type domain.Question is not enhanced.

[2023-05-01 17:05:49 #7 type] 
Type domain.Event is not enhanced.

[2023-05-01 17:05:49 #8 type] 
Type domain.Quote is not enhanced.

[2023-05-01 17:05:49 #9 type] 
Type domain.Admin is not enhanced.

[2023-05-01 17:05:49 #10 type] 
Type domain.Langile is not enhanced.

[2023-05-01 17:05:49 #11 type] 
Type domain.Apostatu is not enhanced.

------------------------------------------------------------------------------------------------------------------------

[2023-05-01 17:21:48 #1 store] 
Database 'C:\Users\PC\eclipse-workspace\Bets21\src\main\resources\bets.temp' has been recovered (tr. 29-31)

[2023-05-01 17:21:48 #2 store] 
Database 'C:\Users\PC\eclipse-workspace\Bets21\src\main\resources\bets.temp' is opened by 15200@LAPTOP-P1V2HGHC

[2023-05-01 17:21:48 #3 type] 
Type domain.Erabiltzaile is not enhanced.

[2023-05-01 17:21:48 #4 type] 
Type domain.User is not enhanced.

[2023-05-01 17:21:48 #5 type] 
Type domain.Mugimendua is not enhanced.

[2023-05-01 17:21:48 #6 type] 
Type domain.Question is not enhanced.

[2023-05-01 17:21:48 #7 type] 
Type domain.Event is not enhanced.

[2023-05-01 17:21:48 #8 type] 
Type domain.Quote is not enhanced.

[2023-05-01 17:21:48 #9 type] 
Type domain.Admin is not enhanced.

[2023-05-01 17:21:48 #10 type] 
Type domain.Langile is not enhanced.

[2023-05-01 17:21:48 #11 type] 
Type domain.Apostatu is not enhanced.

------------------------------------------------------------------------------------------------------------------------

[2023-05-01 17:26:37 #1 store] 
Database 'C:\Users\PC\eclipse-workspace\Bets21\src\main\resources\bets.temp' has been recovered (tr. 32-37)

[2023-05-01 17:26:37 #2 store] 
Database 'C:\Users\PC\eclipse-workspace\Bets21\src\main\resources\bets.temp' is opened by 9384@LAPTOP-P1V2HGHC

[2023-05-01 17:26:38 #3 type] 
Type domain.Erabiltzaile is not enhanced.

[2023-05-01 17:26:38 #4 type] 
Type domain.User is not enhanced.

[2023-05-01 17:26:38 #5 type] 
Type domain.Mugimendua is not enhanced.

[2023-05-01 17:26:38 #6 type] 
Type domain.Question is not enhanced.

[2023-05-01 17:26:38 #7 type] 
Type domain.Event is not enhanced.

[2023-05-01 17:26:38 #8 type] 
Type domain.Quote is not enhanced.

[2023-05-01 17:26:38 #9 type] 
Type domain.Admin is not enhanced.

[2023-05-01 17:26:38 #10 type] 
Type domain.Langile is not enhanced.

[2023-05-01 17:26:38 #11 type] 
Type domain.Apostatu is not enhanced.

------------------------------------------------------------------------------------------------------------------------

[2023-05-01 17:28:26 #1 store] 
Database 'C:\Users\PC\eclipse-workspace\Bets21\src\main\resources\bets.temp' is opened by 4404@LAPTOP-P1V2HGHC

[2023-05-01 17:28:27 #2 type.registry] 
New type domain.Erabiltzaile

[2023-05-01 17:28:27 #3 type.registry] 
New type domain.User

[2023-05-01 17:28:27 #4 type] 
Type domain.Erabiltzaile is not enhanced.

[2023-05-01 17:28:27 #5 type] 
Type domain.User is not enhanced.

[2023-05-01 17:28:27 #6 type.registry] 
New type domain.Mugimendua

[2023-05-01 17:28:27 #7 type.registry] 
New type java.util.LinkedList<domain.Mugimendua>

[2023-05-01 17:28:27 #8 type] 
Type domain.Mugimendua is not enhanced.

[2023-05-01 17:28:27 #9 type.registry] 
New type domain.Question

[2023-05-01 17:28:27 #10 type.registry] 
New type domain.Event

[2023-05-01 17:28:27 #11 type] 
Type domain.Question is not enhanced.

[2023-05-01 17:28:27 #12 type.registry] 
New type domain.Quote

[2023-05-01 17:28:27 #13 type.registry] 
New type java.util.Vector<domain.Quote>

[2023-05-01 17:28:27 #14 type.registry] 
New type java.util.ArrayList<java.lang.Integer>

[2023-05-01 17:28:27 #15 type] 
Type domain.Event is not enhanced.

[2023-05-01 17:28:27 #16 type.registry] 
New type java.util.Vector<domain.Question>

[2023-05-01 17:28:27 #17 type] 
Type domain.Quote is not enhanced.

[2023-05-01 17:28:27 #18 type.registry] 
New type domain.Admin

[2023-05-01 17:28:27 #19 type] 
Type domain.Admin is not enhanced.

[2023-05-01 17:28:27 #20 type.registry] 
New type domain.Langile

[2023-05-01 17:28:27 #21 type] 
Type domain.Langile is not enhanced.

[2023-05-01 17:28:27 #22 type.registry] 
New type java.util.LinkedList<java.lang.Object>

[2023-05-01 17:28:27 #23 type.registry] 
New type java.util.Vector<java.lang.Object>

[2023-05-01 17:28:27 #24 type.registry] 
New type java.util.ArrayList<java.lang.Object>

------------------------------------------------------------------------------------------------------------------------

[2023-05-01 17:28:41 #1 store] 
Database 'C:\Users\PC\eclipse-workspace\Bets21\src\main\resources\bets.temp' has been recovered (tr. 1-9)

[2023-05-01 17:28:41 #2 store] 
Database 'C:\Users\PC\eclipse-workspace\Bets21\src\main\resources\bets.temp' is opened by 14688@LAPTOP-P1V2HGHC

[2023-05-01 17:28:41 #3 type] 
Type domain.Erabiltzaile is not enhanced.

[2023-05-01 17:28:41 #4 type] 
Type domain.User is not enhanced.

[2023-05-01 17:28:41 #5 type] 
Type domain.Mugimendua is not enhanced.

[2023-05-01 17:28:41 #6 type] 
Type domain.Question is not enhanced.

[2023-05-01 17:28:41 #7 type] 
Type domain.Event is not enhanced.

[2023-05-01 17:28:41 #8 type] 
Type domain.Quote is not enhanced.

[2023-05-01 17:28:41 #9 type] 
Type domain.Admin is not enhanced.

[2023-05-01 17:28:41 #10 type] 
Type domain.Langile is not enhanced.

[2023-05-01 17:29:40 #11 type.registry] 
New type domain.Apostatu

[2023-05-01 17:29:40 #12 type] 
Type domain.Apostatu is not enhanced.

------------------------------------------------------------------------------------------------------------------------

[2023-05-01 17:31:33 #1 store] 
Database 'C:\Users\PC\eclipse-workspace\Bets21\src\main\resources\bets.temp' has been recovered (tr. 10-22)

[2023-05-01 17:31:33 #2 store] 
Database 'C:\Users\PC\eclipse-workspace\Bets21\src\main\resources\bets.temp' is opened by 9800@LAPTOP-P1V2HGHC

[2023-05-01 17:31:33 #3 type] 
Type domain.Erabiltzaile is not enhanced.

[2023-05-01 17:31:33 #4 type] 
Type domain.User is not enhanced.

[2023-05-01 17:31:33 #5 type] 
Type domain.Mugimendua is not enhanced.

[2023-05-01 17:31:33 #6 type] 
Type domain.Question is not enhanced.

[2023-05-01 17:31:33 #7 type] 
Type domain.Event is not enhanced.

[2023-05-01 17:31:33 #8 type] 
Type domain.Quote is not enhanced.

[2023-05-01 17:31:33 #9 type] 
Type domain.Admin is not enhanced.

[2023-05-01 17:31:33 #10 type] 
Type domain.Langile is not enhanced.

[2023-05-01 17:31:33 #11 type] 
Type domain.Apostatu is not enhanced.

------------------------------------------------------------------------------------------------------------------------

[2023-05-01 17:34:25 #1 store] 
Database 'C:\Users\PC\eclipse-workspace\Bets21\src\main\resources\bets.temp' has been recovered (tr. 23-23)

[2023-05-01 17:34:25 #2 store] 
Database 'C:\Users\PC\eclipse-workspace\Bets21\src\main\resources\bets.temp' is opened by 15348@LAPTOP-P1V2HGHC

[2023-05-01 17:34:25 #3 type] 
Type domain.Erabiltzaile is not enhanced.

[2023-05-01 17:34:25 #4 type] 
Type domain.User is not enhanced.

[2023-05-01 17:34:25 #5 type] 
Type domain.Mugimendua is not enhanced.

[2023-05-01 17:34:25 #6 type] 
Type domain.Question is not enhanced.

[2023-05-01 17:34:25 #7 type] 
Type domain.Event is not enhanced.

[2023-05-01 17:34:25 #8 type] 
Type domain.Quote is not enhanced.

[2023-05-01 17:34:25 #9 type] 
Type domain.Admin is not enhanced.

[2023-05-01 17:34:25 #10 type] 
Type domain.Langile is not enhanced.

[2023-05-01 17:34:25 #11 type] 
Type domain.Apostatu is not enhanced.

------------------------------------------------------------------------------------------------------------------------

[2023-05-01 17:45:44 #1 store] 
Database 'C:\Users\PC\eclipse-workspace\Bets21\src\main\resources\bets.temp' has been recovered (tr. 24-35)

[2023-05-01 17:45:44 #2 store] 
Database 'C:\Users\PC\eclipse-workspace\Bets21\src\main\resources\bets.temp' is opened by 11740@LAPTOP-P1V2HGHC

[2023-05-01 17:45:44 #3 type] 
Type domain.Erabiltzaile is not enhanced.

[2023-05-01 17:45:44 #4 type] 
Type domain.User is not enhanced.

[2023-05-01 17:45:44 #5 type] 
Type domain.Mugimendua is not enhanced.

[2023-05-01 17:45:44 #6 type] 
Type domain.Question is not enhanced.

[2023-05-01 17:45:44 #7 type] 
Type domain.Event is not enhanced.

[2023-05-01 17:45:44 #8 type] 
Type domain.Quote is not enhanced.

[2023-05-01 17:45:44 #9 type] 
Type domain.Admin is not enhanced.

[2023-05-01 17:45:44 #10 type] 
Type domain.Langile is not enhanced.

[2023-05-01 17:45:44 #11 type] 
Type domain.Apostatu is not enhanced.

------------------------------------------------------------------------------------------------------------------------

[2023-05-01 17:51:04 #1 store] 
Database 'C:\Users\PC\eclipse-workspace\Bets21\src\main\resources\bets.temp' has been recovered (tr. 36-36)

[2023-05-01 17:51:04 #2 store] 
Database 'C:\Users\PC\eclipse-workspace\Bets21\src\main\resources\bets.temp' is opened by 11276@LAPTOP-P1V2HGHC

[2023-05-01 17:51:04 #3 type] 
Type domain.Erabiltzaile is not enhanced.

[2023-05-01 17:51:04 #4 type] 
Type domain.User is not enhanced.

[2023-05-01 17:51:04 #5 type] 
Type domain.Mugimendua is not enhanced.

[2023-05-01 17:51:04 #6 type] 
Type domain.Question is not enhanced.

[2023-05-01 17:51:04 #7 type] 
Type domain.Event is not enhanced.

[2023-05-01 17:51:04 #8 type] 
Type domain.Quote is not enhanced.

[2023-05-01 17:51:04 #9 type] 
Type domain.Admin is not enhanced.

[2023-05-01 17:51:04 #10 type] 
Type domain.Langile is not enhanced.

[2023-05-01 17:51:04 #11 type] 
Type domain.Apostatu is not enhanced.

------------------------------------------------------------------------------------------------------------------------

[2023-05-01 17:54:30 #1 store] 
Database 'C:\Users\PC\eclipse-workspace\Bets21\src\main\resources\bets.temp' is opened by 6948@LAPTOP-P1V2HGHC

[2023-05-01 17:54:30 #2 type.registry] 
New type domain.Erabiltzaile

[2023-05-01 17:54:30 #3 type.registry] 
New type domain.User

[2023-05-01 17:54:30 #4 type] 
Type domain.Erabiltzaile is not enhanced.

[2023-05-01 17:54:30 #5 type] 
Type domain.User is not enhanced.

[2023-05-01 17:54:30 #6 type.registry] 
New type domain.Mugimendua

[2023-05-01 17:54:30 #7 type.registry] 
New type java.util.LinkedList<domain.Mugimendua>

[2023-05-01 17:54:30 #8 type] 
Type domain.Mugimendua is not enhanced.

[2023-05-01 17:54:30 #9 type.registry] 
New type domain.Question

[2023-05-01 17:54:30 #10 type.registry] 
New type domain.Event

[2023-05-01 17:54:30 #11 type] 
Type domain.Question is not enhanced.

[2023-05-01 17:54:30 #12 type.registry] 
New type domain.Quote

[2023-05-01 17:54:30 #13 type.registry] 
New type java.util.Vector<domain.Quote>

[2023-05-01 17:54:30 #14 type.registry] 
New type java.util.ArrayList<java.lang.Integer>

[2023-05-01 17:54:30 #15 type] 
Type domain.Event is not enhanced.

[2023-05-01 17:54:30 #16 type.registry] 
New type java.util.Vector<domain.Question>

[2023-05-01 17:54:30 #17 type] 
Type domain.Quote is not enhanced.

[2023-05-01 17:54:30 #18 type.registry] 
New type domain.Admin

[2023-05-01 17:54:30 #19 type] 
Type domain.Admin is not enhanced.

[2023-05-01 17:54:30 #20 type.registry] 
New type domain.Langile

[2023-05-01 17:54:30 #21 type] 
Type domain.Langile is not enhanced.

[2023-05-01 17:54:30 #22 type.registry] 
New type java.util.LinkedList<java.lang.Object>

[2023-05-01 17:54:30 #23 type.registry] 
New type java.util.Vector<java.lang.Object>

[2023-05-01 17:54:30 #24 type.registry] 
New type java.util.ArrayList<java.lang.Object>

------------------------------------------------------------------------------------------------------------------------

[2023-05-01 17:54:49 #1 store] 
Database 'C:\Users\PC\eclipse-workspace\Bets21\src\main\resources\bets.temp' has been recovered (tr. 1-9)

[2023-05-01 17:54:49 #2 store] 
Database 'C:\Users\PC\eclipse-workspace\Bets21\src\main\resources\bets.temp' is opened by 10540@LAPTOP-P1V2HGHC

[2023-05-01 17:54:49 #3 type] 
Type domain.Erabiltzaile is not enhanced.

[2023-05-01 17:54:49 #4 type] 
Type domain.User is not enhanced.

[2023-05-01 17:54:49 #5 type] 
Type domain.Mugimendua is not enhanced.

[2023-05-01 17:54:49 #6 type] 
Type domain.Question is not enhanced.

[2023-05-01 17:54:49 #7 type] 
Type domain.Event is not enhanced.

[2023-05-01 17:54:49 #8 type] 
Type domain.Quote is not enhanced.

[2023-05-01 17:54:49 #9 type] 
Type domain.Admin is not enhanced.

[2023-05-01 17:54:49 #10 type] 
Type domain.Langile is not enhanced.

[2023-05-01 17:55:42 #11 type.registry] 
New type domain.Apostatu

[2023-05-01 17:55:42 #12 type] 
Type domain.Apostatu is not enhanced.

------------------------------------------------------------------------------------------------------------------------

[2023-05-01 18:19:32 #1 store] 
Database 'C:\Users\PC\eclipse-workspace\Bets21\src\main\resources\bets.temp' is opened by 11472@LAPTOP-P1V2HGHC

[2023-05-01 18:19:32 #2 type.registry] 
New type domain.Erabiltzaile

[2023-05-01 18:19:32 #3 type.registry] 
New type domain.User

[2023-05-01 18:19:32 #4 type] 
Type domain.Erabiltzaile is not enhanced.

[2023-05-01 18:19:32 #5 type] 
Type domain.User is not enhanced.

[2023-05-01 18:19:32 #6 type.registry] 
New type domain.Mugimendua

[2023-05-01 18:19:32 #7 type.registry] 
New type java.util.LinkedList<domain.Mugimendua>

[2023-05-01 18:19:32 #8 type] 
Type domain.Mugimendua is not enhanced.

[2023-05-01 18:19:32 #9 type.registry] 
New type domain.Question

[2023-05-01 18:19:32 #10 type.registry] 
New type domain.Event

[2023-05-01 18:19:32 #11 type] 
Type domain.Question is not enhanced.

[2023-05-01 18:19:32 #12 type.registry] 
New type domain.Quote

[2023-05-01 18:19:32 #13 type.registry] 
New type java.util.Vector<domain.Quote>

[2023-05-01 18:19:32 #14 type.registry] 
New type java.util.ArrayList<java.lang.Integer>

[2023-05-01 18:19:32 #15 type] 
Type domain.Event is not enhanced.

[2023-05-01 18:19:32 #16 type.registry] 
New type java.util.Vector<domain.Question>

[2023-05-01 18:19:32 #17 type] 
Type domain.Quote is not enhanced.

[2023-05-01 18:19:32 #18 type.registry] 
New type domain.Admin

[2023-05-01 18:19:32 #19 type] 
Type domain.Admin is not enhanced.

[2023-05-01 18:19:32 #20 type.registry] 
New type domain.Langile

[2023-05-01 18:19:32 #21 type] 
Type domain.Langile is not enhanced.

[2023-05-01 18:19:32 #22 type.registry] 
New type java.util.LinkedList<java.lang.Object>

[2023-05-01 18:19:32 #23 type.registry] 
New type java.util.Vector<java.lang.Object>

[2023-05-01 18:19:32 #24 type.registry] 
New type java.util.ArrayList<java.lang.Object>

------------------------------------------------------------------------------------------------------------------------

[2023-05-01 18:19:45 #1 store] 
Database 'C:\Users\PC\eclipse-workspace\Bets21\src\main\resources\bets.temp' has been recovered (tr. 1-9)

[2023-05-01 18:19:45 #2 store] 
Database 'C:\Users\PC\eclipse-workspace\Bets21\src\main\resources\bets.temp' is opened by 17116@LAPTOP-P1V2HGHC

[2023-05-01 18:19:45 #3 type] 
Type domain.Erabiltzaile is not enhanced.

[2023-05-01 18:19:45 #4 type] 
Type domain.User is not enhanced.

[2023-05-01 18:19:45 #5 type] 
Type domain.Mugimendua is not enhanced.

[2023-05-01 18:19:45 #6 type] 
Type domain.Question is not enhanced.

[2023-05-01 18:19:45 #7 type] 
Type domain.Event is not enhanced.

[2023-05-01 18:19:45 #8 type] 
Type domain.Quote is not enhanced.

[2023-05-01 18:19:45 #9 type] 
Type domain.Admin is not enhanced.

[2023-05-01 18:19:45 #10 type] 
Type domain.Langile is not enhanced.

[2023-05-01 18:21:56 #11 type.registry] 
New type domain.Apostatu

[2023-05-01 18:21:56 #12 type] 
Type domain.Apostatu is not enhanced.

------------------------------------------------------------------------------------------------------------------------

[2023-05-01 18:26:56 #1 store] 
Database 'C:\Users\PC\eclipse-workspace\Bets21\src\main\resources\bets.temp' has been recovered (tr. 10-40)

[2023-05-01 18:26:56 #2 store] 
Database 'C:\Users\PC\eclipse-workspace\Bets21\src\main\resources\bets.temp' is opened by 18460@LAPTOP-P1V2HGHC

[2023-05-01 18:26:56 #3 type] 
Type domain.Erabiltzaile is not enhanced.

[2023-05-01 18:26:56 #4 type] 
Type domain.User is not enhanced.

[2023-05-01 18:26:56 #5 type] 
Type domain.Mugimendua is not enhanced.

[2023-05-01 18:26:56 #6 type] 
Type domain.Question is not enhanced.

[2023-05-01 18:26:56 #7 type] 
Type domain.Event is not enhanced.

[2023-05-01 18:26:56 #8 type] 
Type domain.Quote is not enhanced.

[2023-05-01 18:26:56 #9 type] 
Type domain.Admin is not enhanced.

[2023-05-01 18:26:56 #10 type] 
Type domain.Langile is not enhanced.

[2023-05-01 18:26:56 #11 type] 
Type domain.Apostatu is not enhanced.

------------------------------------------------------------------------------------------------------------------------

[2023-05-01 18:30:39 #1 store] 
Database 'C:\Users\PC\eclipse-workspace\Bets21\src\main\resources\bets.temp' has been recovered (tr. 41-48)

[2023-05-01 18:30:39 #2 store] 
Database 'C:\Users\PC\eclipse-workspace\Bets21\src\main\resources\bets.temp' is opened by 9080@LAPTOP-P1V2HGHC

[2023-05-01 18:30:39 #3 type] 
Type domain.Erabiltzaile is not enhanced.

[2023-05-01 18:30:39 #4 type] 
Type domain.User is not enhanced.

[2023-05-01 18:30:39 #5 type] 
Type domain.Mugimendua is not enhanced.

[2023-05-01 18:30:39 #6 type] 
Type domain.Question is not enhanced.

[2023-05-01 18:30:39 #7 type] 
Type domain.Event is not enhanced.

[2023-05-01 18:30:39 #8 type] 
Type domain.Quote is not enhanced.

[2023-05-01 18:30:39 #9 type] 
Type domain.Admin is not enhanced.

[2023-05-01 18:30:39 #10 type] 
Type domain.Langile is not enhanced.

[2023-05-01 18:30:39 #11 type] 
Type domain.Apostatu is not enhanced.

------------------------------------------------------------------------------------------------------------------------

[2023-05-01 18:32:07 #1 store] 
Database 'C:\Users\PC\eclipse-workspace\Bets21\src\main\resources\bets.temp' is opened by 12556@LAPTOP-P1V2HGHC

[2023-05-01 18:32:07 #2 type] 
Type domain.Erabiltzaile is not enhanced.

[2023-05-01 18:32:07 #3 type] 
Type domain.User is not enhanced.

[2023-05-01 18:32:07 #4 type] 
Type domain.Mugimendua is not enhanced.

[2023-05-01 18:32:07 #5 type] 
Type domain.Question is not enhanced.

[2023-05-01 18:32:07 #6 type] 
Type domain.Event is not enhanced.

[2023-05-01 18:32:07 #7 type] 
Type domain.Quote is not enhanced.

[2023-05-01 18:32:07 #8 type] 
Type domain.Admin is not enhanced.

[2023-05-01 18:32:07 #9 type] 
Type domain.Langile is not enhanced.

[2023-05-01 18:32:07 #10 type] 
Type domain.Apostatu is not enhanced.

------------------------------------------------------------------------------------------------------------------------

[2023-05-01 18:38:39 #1 store] 
Database 'C:\Users\PC\eclipse-workspace\Bets21\src\main\resources\bets.temp' has been recovered (tr. 49-54)

[2023-05-01 18:38:39 #2 store] 
Database 'C:\Users\PC\eclipse-workspace\Bets21\src\main\resources\bets.temp' is opened by 16200@LAPTOP-P1V2HGHC

[2023-05-01 18:38:39 #3 type] 
Type domain.Erabiltzaile is not enhanced.

[2023-05-01 18:38:39 #4 type] 
Type domain.User is not enhanced.

[2023-05-01 18:38:39 #5 type] 
Type domain.Mugimendua is not enhanced.

[2023-05-01 18:38:39 #6 type] 
Type domain.Question is not enhanced.

[2023-05-01 18:38:39 #7 type] 
Type domain.Event is not enhanced.

[2023-05-01 18:38:39 #8 type] 
Type domain.Quote is not enhanced.

[2023-05-01 18:38:39 #9 type] 
Type domain.Admin is not enhanced.

[2023-05-01 18:38:39 #10 type] 
Type domain.Langile is not enhanced.

[2023-05-01 18:38:39 #11 type] 
Type domain.Apostatu is not enhanced.

------------------------------------------------------------------------------------------------------------------------

[2023-05-01 18:42:15 #1 store] 
Database 'C:\Users\PC\eclipse-workspace\Bets21\src\main\resources\bets.temp' is opened by 15096@LAPTOP-P1V2HGHC

[2023-05-01 18:42:16 #2 type.registry] 
New type domain.Erabiltzaile

[2023-05-01 18:42:16 #3 type.registry] 
New type domain.User

[2023-05-01 18:42:16 #4 type] 
Type domain.Erabiltzaile is not enhanced.

[2023-05-01 18:42:16 #5 type] 
Type domain.User is not enhanced.

[2023-05-01 18:42:16 #6 type.registry] 
New type domain.Mugimendua

[2023-05-01 18:42:16 #7 type.registry] 
New type java.util.LinkedList<domain.Mugimendua>

[2023-05-01 18:42:16 #8 type] 
Type domain.Mugimendua is not enhanced.

[2023-05-01 18:42:16 #9 type.registry] 
New type domain.Question

[2023-05-01 18:42:16 #10 type.registry] 
New type domain.Event

[2023-05-01 18:42:16 #11 type] 
Type domain.Question is not enhanced.

[2023-05-01 18:42:16 #12 type.registry] 
New type domain.Quote

[2023-05-01 18:42:16 #13 type.registry] 
New type java.util.Vector<domain.Quote>

[2023-05-01 18:42:16 #14 type.registry] 
New type java.util.ArrayList<java.lang.Integer>

[2023-05-01 18:42:16 #15 type] 
Type domain.Event is not enhanced.

[2023-05-01 18:42:16 #16 type.registry] 
New type java.util.Vector<domain.Question>

[2023-05-01 18:42:16 #17 type] 
Type domain.Quote is not enhanced.

[2023-05-01 18:42:16 #18 type.registry] 
New type domain.Admin

[2023-05-01 18:42:16 #19 type] 
Type domain.Admin is not enhanced.

[2023-05-01 18:42:16 #20 type.registry] 
New type domain.Langile

[2023-05-01 18:42:16 #21 type] 
Type domain.Langile is not enhanced.

[2023-05-01 18:42:16 #22 type.registry] 
New type java.util.LinkedList<java.lang.Object>

[2023-05-01 18:42:16 #23 type.registry] 
New type java.util.Vector<java.lang.Object>

[2023-05-01 18:42:16 #24 type.registry] 
New type java.util.ArrayList<java.lang.Object>

------------------------------------------------------------------------------------------------------------------------

[2023-05-01 18:42:37 #1 store] 
Database 'C:\Users\PC\eclipse-workspace\Bets21\src\main\resources\bets.temp' has been recovered (tr. 1-9)

[2023-05-01 18:42:37 #2 store] 
Database 'C:\Users\PC\eclipse-workspace\Bets21\src\main\resources\bets.temp' is opened by 13232@LAPTOP-P1V2HGHC

[2023-05-01 18:42:37 #3 type] 
Type domain.Erabiltzaile is not enhanced.

[2023-05-01 18:42:37 #4 type] 
Type domain.User is not enhanced.

[2023-05-01 18:42:37 #5 type] 
Type domain.Mugimendua is not enhanced.

[2023-05-01 18:42:37 #6 type] 
Type domain.Question is not enhanced.

[2023-05-01 18:42:37 #7 type] 
Type domain.Event is not enhanced.

[2023-05-01 18:42:37 #8 type] 
Type domain.Quote is not enhanced.

[2023-05-01 18:42:37 #9 type] 
Type domain.Admin is not enhanced.

[2023-05-01 18:42:37 #10 type] 
Type domain.Langile is not enhanced.

[2023-05-01 18:44:44 #11 type.registry] 
New type domain.Apostatu

[2023-05-01 18:44:44 #12 type] 
Type domain.Apostatu is not enhanced.

------------------------------------------------------------------------------------------------------------------------

[2023-05-01 18:58:41 #1 store] 
Database 'C:\Users\PC\eclipse-workspace\Bets21\src\main\resources\bets.temp' has been recovered (tr. 10-46)

[2023-05-01 18:58:41 #2 store] 
Database 'C:\Users\PC\eclipse-workspace\Bets21\src\main\resources\bets.temp' is opened by 15292@LAPTOP-P1V2HGHC

[2023-05-01 18:58:41 #3 type] 
Type domain.Erabiltzaile is not enhanced.

[2023-05-01 18:58:41 #4 type] 
Type domain.User is not enhanced.

[2023-05-01 18:58:41 #5 type] 
Type domain.Mugimendua is not enhanced.

[2023-05-01 18:58:41 #6 type] 
Type domain.Question is not enhanced.

[2023-05-01 18:58:41 #7 type] 
Type domain.Event is not enhanced.

[2023-05-01 18:58:41 #8 type] 
Type domain.Quote is not enhanced.

[2023-05-01 18:58:41 #9 type] 
Type domain.Admin is not enhanced.

[2023-05-01 18:58:41 #10 type] 
Type domain.Langile is not enhanced.

[2023-05-01 18:58:41 #11 type] 
Type domain.Apostatu is not enhanced.

------------------------------------------------------------------------------------------------------------------------

[2023-05-01 19:08:47 #1 store] 
Database 'C:\Users\PC\eclipse-workspace\Bets21\src\main\resources\bets.temp' has been recovered (tr. 47-51)

[2023-05-01 19:08:47 #2 store] 
Database 'C:\Users\PC\eclipse-workspace\Bets21\src\main\resources\bets.temp' is opened by 13048@LAPTOP-P1V2HGHC

[2023-05-01 19:08:48 #3 type] 
Type domain.Erabiltzaile is not enhanced.

[2023-05-01 19:08:48 #4 type] 
Type domain.User is not enhanced.

[2023-05-01 19:08:48 #5 type] 
Type domain.Mugimendua is not enhanced.

[2023-05-01 19:08:48 #6 type] 
Type domain.Question is not enhanced.

[2023-05-01 19:08:48 #7 type] 
Type domain.Event is not enhanced.

[2023-05-01 19:08:48 #8 type] 
Type domain.Quote is not enhanced.

[2023-05-01 19:08:48 #9 type] 
Type domain.Admin is not enhanced.

[2023-05-01 19:08:48 #10 type] 
Type domain.Langile is not enhanced.

[2023-05-01 19:08:48 #11 type] 
Type domain.Apostatu is not enhanced.

------------------------------------------------------------------------------------------------------------------------

[2023-05-01 19:10:06 #1 store] 
Database 'C:\Users\PC\eclipse-workspace\Bets21\src\main\resources\bets.temp' is opened by 10560@LAPTOP-P1V2HGHC

[2023-05-01 19:10:06 #2 type.registry] 
New type domain.Erabiltzaile

[2023-05-01 19:10:06 #3 type.registry] 
New type domain.User

[2023-05-01 19:10:06 #4 type] 
Type domain.Erabiltzaile is not enhanced.

[2023-05-01 19:10:06 #5 type] 
Type domain.User is not enhanced.

[2023-05-01 19:10:06 #6 type.registry] 
New type domain.Mugimendua

[2023-05-01 19:10:06 #7 type.registry] 
New type java.util.LinkedList<domain.Mugimendua>

[2023-05-01 19:10:06 #8 type] 
Type domain.Mugimendua is not enhanced.

[2023-05-01 19:10:06 #9 type.registry] 
New type domain.Question

[2023-05-01 19:10:06 #10 type.registry] 
New type domain.Event

[2023-05-01 19:10:06 #11 type] 
Type domain.Question is not enhanced.

[2023-05-01 19:10:06 #12 type.registry] 
New type domain.Quote

[2023-05-01 19:10:06 #13 type.registry] 
New type java.util.Vector<domain.Quote>

[2023-05-01 19:10:06 #14 type.registry] 
New type java.util.ArrayList<java.lang.Integer>

[2023-05-01 19:10:06 #15 type] 
Type domain.Event is not enhanced.

[2023-05-01 19:10:06 #16 type.registry] 
New type java.util.Vector<domain.Question>

[2023-05-01 19:10:06 #17 type] 
Type domain.Quote is not enhanced.

[2023-05-01 19:10:06 #18 type.registry] 
New type domain.Admin

[2023-05-01 19:10:06 #19 type] 
Type domain.Admin is not enhanced.

[2023-05-01 19:10:06 #20 type.registry] 
New type domain.Langile

[2023-05-01 19:10:06 #21 type] 
Type domain.Langile is not enhanced.

[2023-05-01 19:10:06 #22 type.registry] 
New type java.util.LinkedList<java.lang.Object>

[2023-05-01 19:10:06 #23 type.registry] 
New type java.util.Vector<java.lang.Object>

[2023-05-01 19:10:06 #24 type.registry] 
New type java.util.ArrayList<java.lang.Object>

------------------------------------------------------------------------------------------------------------------------

[2023-05-01 19:10:23 #1 store] 
Database 'C:\Users\PC\eclipse-workspace\Bets21\src\main\resources\bets.temp' has been recovered (tr. 1-9)

[2023-05-01 19:10:23 #2 store] 
Database 'C:\Users\PC\eclipse-workspace\Bets21\src\main\resources\bets.temp' is opened by 8164@LAPTOP-P1V2HGHC

[2023-05-01 19:10:23 #3 type] 
Type domain.Erabiltzaile is not enhanced.

[2023-05-01 19:10:23 #4 type] 
Type domain.User is not enhanced.

[2023-05-01 19:10:23 #5 type] 
Type domain.Mugimendua is not enhanced.

[2023-05-01 19:10:23 #6 type] 
Type domain.Question is not enhanced.

[2023-05-01 19:10:23 #7 type] 
Type domain.Event is not enhanced.

[2023-05-01 19:10:23 #8 type] 
Type domain.Quote is not enhanced.

[2023-05-01 19:10:23 #9 type] 
Type domain.Admin is not enhanced.

[2023-05-01 19:10:23 #10 type] 
Type domain.Langile is not enhanced.

[2023-05-01 19:12:35 #11 type.registry] 
New type domain.Apostatu

[2023-05-01 19:12:35 #12 type] 
Type domain.Apostatu is not enhanced.

------------------------------------------------------------------------------------------------------------------------

[2023-05-01 19:21:55 #1 store] 
Database 'C:\Users\PC\eclipse-workspace\Bets21\src\main\resources\bets.temp' is opened by 7952@LAPTOP-P1V2HGHC

[2023-05-01 19:21:56 #2 type.registry] 
New type domain.Erabiltzaile

[2023-05-01 19:21:56 #3 type.registry] 
New type domain.User

[2023-05-01 19:21:56 #4 type] 
Type domain.Erabiltzaile is not enhanced.

[2023-05-01 19:21:56 #5 type] 
Type domain.User is not enhanced.

[2023-05-01 19:21:56 #6 type.registry] 
New type domain.Mugimendua

[2023-05-01 19:21:56 #7 type.registry] 
New type java.util.LinkedList<domain.Mugimendua>

[2023-05-01 19:21:56 #8 type] 
Type domain.Mugimendua is not enhanced.

[2023-05-01 19:21:56 #9 type.registry] 
New type domain.Question

[2023-05-01 19:21:56 #10 type.registry] 
New type domain.Event

[2023-05-01 19:21:56 #11 type] 
Type domain.Question is not enhanced.

[2023-05-01 19:21:56 #12 type.registry] 
New type domain.Quote

[2023-05-01 19:21:56 #13 type.registry] 
New type java.util.Vector<domain.Quote>

[2023-05-01 19:21:56 #14 type.registry] 
New type java.util.ArrayList<java.lang.Integer>

[2023-05-01 19:21:56 #15 type] 
Type domain.Event is not enhanced.

[2023-05-01 19:21:56 #16 type.registry] 
New type java.util.Vector<domain.Question>

[2023-05-01 19:21:56 #17 type] 
Type domain.Quote is not enhanced.

[2023-05-01 19:21:56 #18 type.registry] 
New type domain.Admin

[2023-05-01 19:21:56 #19 type] 
Type domain.Admin is not enhanced.

[2023-05-01 19:21:56 #20 type.registry] 
New type domain.Langile

[2023-05-01 19:21:56 #21 type] 
Type domain.Langile is not enhanced.

[2023-05-01 19:21:56 #22 type.registry] 
New type java.util.LinkedList<java.lang.Object>

[2023-05-01 19:21:56 #23 type.registry] 
New type java.util.Vector<java.lang.Object>

[2023-05-01 19:21:56 #24 type.registry] 
New type java.util.ArrayList<java.lang.Object>

------------------------------------------------------------------------------------------------------------------------

[2023-05-01 19:22:05 #1 store] 
Database 'C:\Users\PC\eclipse-workspace\Bets21\src\main\resources\bets.temp' has been recovered (tr. 1-9)

[2023-05-01 19:22:05 #2 store] 
Database 'C:\Users\PC\eclipse-workspace\Bets21\src\main\resources\bets.temp' is opened by 11576@LAPTOP-P1V2HGHC

[2023-05-01 19:22:05 #3 type] 
Type domain.Erabiltzaile is not enhanced.

[2023-05-01 19:22:05 #4 type] 
Type domain.User is not enhanced.

[2023-05-01 19:22:05 #5 type] 
Type domain.Mugimendua is not enhanced.

[2023-05-01 19:22:05 #6 type] 
Type domain.Question is not enhanced.

[2023-05-01 19:22:05 #7 type] 
Type domain.Event is not enhanced.

[2023-05-01 19:22:05 #8 type] 
Type domain.Quote is not enhanced.

[2023-05-01 19:22:05 #9 type] 
Type domain.Admin is not enhanced.

[2023-05-01 19:22:05 #10 type] 
Type domain.Langile is not enhanced.

[2023-05-01 19:24:08 #11 type.registry] 
New type domain.Apostatu

[2023-05-01 19:24:08 #12 type] 
Type domain.Apostatu is not enhanced.

------------------------------------------------------------------------------------------------------------------------

[2023-05-01 19:42:21 #1 store] 
Database 'C:\Users\PC\eclipse-workspace\Bets21\src\main\resources\bets.temp' is opened by 15784@LAPTOP-P1V2HGHC

[2023-05-01 19:42:21 #2 type.registry] 
New type domain.Erabiltzaile

[2023-05-01 19:42:21 #3 type.registry] 
New type domain.User

[2023-05-01 19:42:21 #4 type] 
Type domain.Erabiltzaile is not enhanced.

[2023-05-01 19:42:21 #5 type] 
Type domain.User is not enhanced.

[2023-05-01 19:42:21 #6 type.registry] 
New type domain.Mugimendua

[2023-05-01 19:42:21 #7 type.registry] 
New type java.util.LinkedList<domain.Mugimendua>

[2023-05-01 19:42:21 #8 type] 
Type domain.Mugimendua is not enhanced.

[2023-05-01 19:42:21 #9 type.registry] 
New type domain.Question

[2023-05-01 19:42:21 #10 type.registry] 
New type domain.Event

[2023-05-01 19:42:21 #11 type] 
Type domain.Question is not enhanced.

[2023-05-01 19:42:21 #12 type.registry] 
New type domain.Quote

[2023-05-01 19:42:21 #13 type.registry] 
New type java.util.Vector<domain.Quote>

[2023-05-01 19:42:21 #14 type.registry] 
New type java.util.ArrayList<java.lang.Integer>

[2023-05-01 19:42:21 #15 type] 
Type domain.Event is not enhanced.

[2023-05-01 19:42:21 #16 type.registry] 
New type java.util.Vector<domain.Question>

[2023-05-01 19:42:21 #17 type] 
Type domain.Quote is not enhanced.

[2023-05-01 19:42:21 #18 type.registry] 
New type domain.Admin

[2023-05-01 19:42:21 #19 type] 
Type domain.Admin is not enhanced.

[2023-05-01 19:42:21 #20 type.registry] 
New type domain.Langile

[2023-05-01 19:42:21 #21 type] 
Type domain.Langile is not enhanced.

[2023-05-01 19:42:21 #22 type.registry] 
New type java.util.LinkedList<java.lang.Object>

[2023-05-01 19:42:21 #23 type.registry] 
New type java.util.Vector<java.lang.Object>

[2023-05-01 19:42:21 #24 type.registry] 
New type java.util.ArrayList<java.lang.Object>

------------------------------------------------------------------------------------------------------------------------

[2023-05-01 19:42:35 #1 store] 
Database 'C:\Users\PC\eclipse-workspace\Bets21\src\main\resources\bets.temp' has been recovered (tr. 1-9)

[2023-05-01 19:42:35 #2 store] 
Database 'C:\Users\PC\eclipse-workspace\Bets21\src\main\resources\bets.temp' is opened by 16092@LAPTOP-P1V2HGHC

[2023-05-01 19:42:35 #3 type] 
Type domain.Erabiltzaile is not enhanced.

[2023-05-01 19:42:35 #4 type] 
Type domain.User is not enhanced.

[2023-05-01 19:42:35 #5 type] 
Type domain.Mugimendua is not enhanced.

[2023-05-01 19:42:35 #6 type] 
Type domain.Question is not enhanced.

[2023-05-01 19:42:35 #7 type] 
Type domain.Event is not enhanced.

[2023-05-01 19:42:35 #8 type] 
Type domain.Quote is not enhanced.

[2023-05-01 19:42:35 #9 type] 
Type domain.Admin is not enhanced.

[2023-05-01 19:42:35 #10 type] 
Type domain.Langile is not enhanced.

[2023-05-01 19:44:13 #11 type.registry] 
New type domain.Apostatu

[2023-05-01 19:44:13 #12 type] 
Type domain.Apostatu is not enhanced.

------------------------------------------------------------------------------------------------------------------------

[2023-05-01 19:51:32 #1 store] 
Database 'C:\Users\PC\eclipse-workspace\Bets21\src\main\resources\bets.temp' is opened by 11096@LAPTOP-P1V2HGHC

[2023-05-01 19:51:32 #2 type.registry] 
New type domain.Erabiltzaile

[2023-05-01 19:51:32 #3 type.registry] 
New type domain.User

[2023-05-01 19:51:32 #4 type] 
Type domain.Erabiltzaile is not enhanced.

[2023-05-01 19:51:32 #5 type] 
Type domain.User is not enhanced.

[2023-05-01 19:51:32 #6 type.registry] 
New type domain.Mugimendua

[2023-05-01 19:51:32 #7 type.registry] 
New type java.util.LinkedList<domain.Mugimendua>

[2023-05-01 19:51:32 #8 type] 
Type domain.Mugimendua is not enhanced.

[2023-05-01 19:51:33 #9 type.registry] 
New type domain.Question

[2023-05-01 19:51:33 #10 type.registry] 
New type domain.Event

[2023-05-01 19:51:33 #11 type] 
Type domain.Question is not enhanced.

[2023-05-01 19:51:33 #12 type.registry] 
New type domain.Quote

[2023-05-01 19:51:33 #13 type.registry] 
New type java.util.Vector<domain.Quote>

[2023-05-01 19:51:33 #14 type.registry] 
New type java.util.ArrayList<java.lang.Integer>

[2023-05-01 19:51:33 #15 type] 
Type domain.Event is not enhanced.

[2023-05-01 19:51:33 #16 type.registry] 
New type java.util.Vector<domain.Question>

[2023-05-01 19:51:33 #17 type] 
Type domain.Quote is not enhanced.

[2023-05-01 19:51:33 #18 type.registry] 
New type domain.Admin

[2023-05-01 19:51:33 #19 type] 
Type domain.Admin is not enhanced.

[2023-05-01 19:51:33 #20 type.registry] 
New type domain.Langile

[2023-05-01 19:51:33 #21 type] 
Type domain.Langile is not enhanced.

[2023-05-01 19:51:33 #22 type.registry] 
New type java.util.LinkedList<java.lang.Object>

[2023-05-01 19:51:33 #23 type.registry] 
New type java.util.Vector<java.lang.Object>

[2023-05-01 19:51:33 #24 type.registry] 
New type java.util.ArrayList<java.lang.Object>

------------------------------------------------------------------------------------------------------------------------

[2023-05-01 19:51:46 #1 store] 
Database 'C:\Users\PC\eclipse-workspace\Bets21\src\main\resources\bets.temp' has been recovered (tr. 1-9)

[2023-05-01 19:51:46 #2 store] 
Database 'C:\Users\PC\eclipse-workspace\Bets21\src\main\resources\bets.temp' is opened by 6216@LAPTOP-P1V2HGHC

[2023-05-01 19:51:46 #3 type] 
Type domain.Erabiltzaile is not enhanced.

[2023-05-01 19:51:46 #4 type] 
Type domain.User is not enhanced.

[2023-05-01 19:51:46 #5 type] 
Type domain.Mugimendua is not enhanced.

[2023-05-01 19:51:46 #6 type] 
Type domain.Question is not enhanced.

[2023-05-01 19:51:46 #7 type] 
Type domain.Event is not enhanced.

[2023-05-01 19:51:46 #8 type] 
Type domain.Quote is not enhanced.

[2023-05-01 19:51:46 #9 type] 
Type domain.Admin is not enhanced.

[2023-05-01 19:51:46 #10 type] 
Type domain.Langile is not enhanced.

[2023-05-01 19:53:45 #11 type.registry] 
New type domain.Apostatu

[2023-05-01 19:53:45 #12 type] 
Type domain.Apostatu is not enhanced.

------------------------------------------------------------------------------------------------------------------------

[2023-05-01 19:56:50 #1 store] 
Database 'C:\Users\PC\eclipse-workspace\Bets21\src\main\resources\bets.temp' is opened by 17580@LAPTOP-P1V2HGHC

[2023-05-01 19:56:50 #2 type.registry] 
New type domain.Erabiltzaile

[2023-05-01 19:56:50 #3 type.registry] 
New type domain.User

[2023-05-01 19:56:50 #4 type] 
Type domain.Erabiltzaile is not enhanced.

[2023-05-01 19:56:50 #5 type] 
Type domain.User is not enhanced.

[2023-05-01 19:56:50 #6 type.registry] 
New type domain.Mugimendua

[2023-05-01 19:56:50 #7 type.registry] 
New type java.util.LinkedList<domain.Mugimendua>

[2023-05-01 19:56:50 #8 type] 
Type domain.Mugimendua is not enhanced.

[2023-05-01 19:56:50 #9 type.registry] 
New type domain.Question

[2023-05-01 19:56:50 #10 type.registry] 
New type domain.Event

[2023-05-01 19:56:50 #11 type] 
Type domain.Question is not enhanced.

[2023-05-01 19:56:50 #12 type.registry] 
New type domain.Quote

[2023-05-01 19:56:50 #13 type.registry] 
New type java.util.Vector<domain.Quote>

[2023-05-01 19:56:50 #14 type.registry] 
New type java.util.ArrayList<java.lang.Integer>

[2023-05-01 19:56:50 #15 type] 
Type domain.Event is not enhanced.

[2023-05-01 19:56:50 #16 type.registry] 
New type java.util.Vector<domain.Question>

[2023-05-01 19:56:50 #17 type] 
Type domain.Quote is not enhanced.

[2023-05-01 19:56:50 #18 type.registry] 
New type domain.Admin

[2023-05-01 19:56:50 #19 type] 
Type domain.Admin is not enhanced.

[2023-05-01 19:56:50 #20 type.registry] 
New type domain.Langile

[2023-05-01 19:56:50 #21 type] 
Type domain.Langile is not enhanced.

[2023-05-01 19:56:50 #22 type.registry] 
New type java.util.LinkedList<java.lang.Object>

[2023-05-01 19:56:50 #23 type.registry] 
New type java.util.Vector<java.lang.Object>

[2023-05-01 19:56:50 #24 type.registry] 
New type java.util.ArrayList<java.lang.Object>

------------------------------------------------------------------------------------------------------------------------

[2023-05-01 19:57:04 #1 store] 
Database 'C:\Users\PC\eclipse-workspace\Bets21\src\main\resources\bets.temp' has been recovered (tr. 1-9)

[2023-05-01 19:57:04 #2 store] 
Database 'C:\Users\PC\eclipse-workspace\Bets21\src\main\resources\bets.temp' is opened by 1984@LAPTOP-P1V2HGHC

[2023-05-01 19:57:05 #3 type] 
Type domain.Erabiltzaile is not enhanced.

[2023-05-01 19:57:05 #4 type] 
Type domain.User is not enhanced.

[2023-05-01 19:57:05 #5 type] 
Type domain.Mugimendua is not enhanced.

[2023-05-01 19:57:05 #6 type] 
Type domain.Question is not enhanced.

[2023-05-01 19:57:05 #7 type] 
Type domain.Event is not enhanced.

[2023-05-01 19:57:05 #8 type] 
Type domain.Quote is not enhanced.

[2023-05-01 19:57:05 #9 type] 
Type domain.Admin is not enhanced.

[2023-05-01 19:57:05 #10 type] 
Type domain.Langile is not enhanced.

