------------------------------------------------------------------------------------------------------------------------

[2023-03-04 16:49:56 #1 store] 
Database 'C:\Users\PC\eclipse-workspace\Bets21\src\main\resources\bets.temp' is opened by 7696@LAPTOP-P1V2HGHC

------------------------------------------------------------------------------------------------------------------------

[2023-03-04 16:50:28 #1 store] 
Database 'C:\Users\PC\eclipse-workspace\Bets21\src\main\resources\bets.temp' has been recovered (tr. 1-2)

[2023-03-04 16:50:28 #2 store] 
Database 'C:\Users\PC\eclipse-workspace\Bets21\src\main\resources\bets.temp' is opened by 15976@LAPTOP-P1V2HGHC

------------------------------------------------------------------------------------------------------------------------

[2023-03-04 16:52:14 #1 store] 
Database 'C:\Users\PC\eclipse-workspace\Bets21\src\main\resources\bets.temp' is opened by 17984@LAPTOP-P1V2HGHC

------------------------------------------------------------------------------------------------------------------------

[2023-03-04 17:40:31 #1 store] 
Database 'C:\Users\PC\eclipse-workspace\Bets21\src\main\resources\bets.temp' is opened by 15764@LAPTOP-P1V2HGHC

------------------------------------------------------------------------------------------------------------------------

[2023-03-04 17:41:29 #1 store] 
Database 'C:\Users\PC\eclipse-workspace\Bets21\src\main\resources\bets.temp' is opened by 4732@LAPTOP-P1V2HGHC

------------------------------------------------------------------------------------------------------------------------

[2023-03-04 17:41:43 #1 store] 
Database 'C:\Users\PC\eclipse-workspace\Bets21\src\main\resources\bets.temp' is opened by 12096@LAPTOP-P1V2HGHC

------------------------------------------------------------------------------------------------------------------------

[2023-03-04 18:55:16 #1 store] 
Database 'C:\Users\PC\eclipse-workspace\Bets21\src\main\resources\bets.temp' is opened by 16560@LAPTOP-P1V2HGHC

------------------------------------------------------------------------------------------------------------------------

[2023-03-04 18:56:04 #1 store] 
Database 'C:\Users\PC\eclipse-workspace\Bets21\src\main\resources\bets.temp' is opened by 14580@LAPTOP-P1V2HGHC

------------------------------------------------------------------------------------------------------------------------

[2023-03-04 18:57:45 #1 store] 
Database 'C:\Users\PC\eclipse-workspace\Bets21\src\main\resources\bets.temp' is opened by 5020@LAPTOP-P1V2HGHC

------------------------------------------------------------------------------------------------------------------------

[2023-03-04 18:59:59 #1 store] 
Database 'C:\Users\PC\eclipse-workspace\Bets21\src\main\resources\bets.temp' is opened by 15396@LAPTOP-P1V2HGHC

------------------------------------------------------------------------------------------------------------------------

[2023-03-04 21:11:34 #1 store] 
Database 'C:\Users\PC\eclipse-workspace\Bets21\src\main\resources\bets.temp' is opened by 1800@LAPTOP-P1V2HGHC

[2023-03-04 21:12:02 #2 type.registry] 
New type domain.User

[2023-03-04 21:12:02 #3 type] 
Type domain.User is not enhanced.

------------------------------------------------------------------------------------------------------------------------

[2023-03-04 21:51:23 #1 store] 
Database 'C:\Users\PC\eclipse-workspace\Bets21\src\main\resources\bets.temp' has been recovered (tr. 3-4)

[2023-03-04 21:51:23 #2 store] 
Database 'C:\Users\PC\eclipse-workspace\Bets21\src\main\resources\bets.temp' is opened by 13744@LAPTOP-P1V2HGHC

[2023-03-04 21:51:23 #3 type] 
Type domain.User is not enhanced.

------------------------------------------------------------------------------------------------------------------------

[2023-03-04 21:53:11 #1 store] 
Database 'C:\Users\PC\eclipse-workspace\Bets21\src\main\resources\bets.temp' is opened by 7504@LAPTOP-P1V2HGHC

[2023-03-04 21:53:11 #2 type] 
Type domain.User is not enhanced.

------------------------------------------------------------------------------------------------------------------------

[2023-03-04 21:53:30 #1 store] 
Database 'C:\Users\PC\eclipse-workspace\Bets21\src\main\resources\bets.temp' is opened by 15124@LAPTOP-P1V2HGHC

[2023-03-04 21:53:30 #2 type] 
Type domain.User is not enhanced.

------------------------------------------------------------------------------------------------------------------------

[2023-03-04 22:19:31 #1 store] 
Database 'C:\Users\PC\eclipse-workspace\Bets21\src\main\resources\bets.temp' is opened by 18696@LAPTOP-P1V2HGHC

[2023-03-04 22:19:31 #2 type] 
Type domain.User is not enhanced.

------------------------------------------------------------------------------------------------------------------------

[2023-03-04 22:27:29 #1 store] 
Database 'C:\Users\PC\eclipse-workspace\Bets21\src\main\resources\bets.temp' is opened by 12492@LAPTOP-P1V2HGHC

[2023-03-04 22:27:29 #2 type] 
Type domain.User is not enhanced.

------------------------------------------------------------------------------------------------------------------------

[2023-03-04 22:28:49 #1 store] 
Database 'C:\Users\PC\eclipse-workspace\Bets21\src\main\resources\bets.temp' is opened by 4940@LAPTOP-P1V2HGHC

[2023-03-04 22:28:49 #2 type] 
Type domain.User is not enhanced.

------------------------------------------------------------------------------------------------------------------------

[2023-03-04 22:31:23 #1 store] 
Database 'C:\Users\PC\eclipse-workspace\Bets21\src\main\resources\bets.temp' is opened by 7308@LAPTOP-P1V2HGHC

[2023-03-04 22:31:23 #2 type] 
Type domain.User is not enhanced.

------------------------------------------------------------------------------------------------------------------------

[2023-03-04 22:31:54 #1 store] 
Database 'C:\Users\PC\eclipse-workspace\Bets21\src\main\resources\bets.temp' is opened by 15736@LAPTOP-P1V2HGHC

[2023-03-04 22:31:54 #2 type] 
Type domain.User is not enhanced.

------------------------------------------------------------------------------------------------------------------------

[2023-03-04 22:32:58 #1 store] 
Database 'C:\Users\PC\eclipse-workspace\Bets21\src\main\resources\bets.temp' is opened by 18176@LAPTOP-P1V2HGHC

[2023-03-04 22:32:58 #2 type] 
Type domain.User is not enhanced.

------------------------------------------------------------------------------------------------------------------------

[2023-03-04 22:33:47 #1 store] 
Database 'C:\Users\PC\eclipse-workspace\Bets21\src\main\resources\bets.temp' is opened by 18424@LAPTOP-P1V2HGHC

[2023-03-04 22:33:48 #2 type] 
Type domain.User is not enhanced.

------------------------------------------------------------------------------------------------------------------------

[2023-03-04 22:34:25 #1 store] 
Database 'C:\Users\PC\eclipse-workspace\Bets21\src\main\resources\bets.temp' is opened by 4160@LAPTOP-P1V2HGHC

[2023-03-04 22:34:25 #2 type] 
Type domain.User is not enhanced.

------------------------------------------------------------------------------------------------------------------------

[2023-03-04 22:35:50 #1 store] 
Database 'C:\Users\PC\eclipse-workspace\Bets21\src\main\resources\bets.temp' is opened by 1908@LAPTOP-P1V2HGHC

[2023-03-04 22:35:50 #2 type] 
Type domain.User is not enhanced.

------------------------------------------------------------------------------------------------------------------------

[2023-03-04 22:37:14 #1 store] 
Database 'C:\Users\PC\eclipse-workspace\Bets21\src\main\resources\bets.temp' is opened by 4204@LAPTOP-P1V2HGHC

[2023-03-04 22:37:14 #2 type] 
Type domain.User is not enhanced.

------------------------------------------------------------------------------------------------------------------------

[2023-03-04 22:41:13 #1 store] 
Database 'C:\Users\PC\eclipse-workspace\Bets21\src\main\resources\bets.temp' is opened by 12060@LAPTOP-P1V2HGHC

[2023-03-04 22:41:13 #2 type] 
Type domain.User is not enhanced.

------------------------------------------------------------------------------------------------------------------------

[2023-03-04 22:41:44 #1 store] 
Database 'C:\Users\PC\eclipse-workspace\Bets21\src\main\resources\bets.temp' is opened by 18176@LAPTOP-P1V2HGHC

[2023-03-04 22:41:44 #2 type] 
Type domain.User is not enhanced.

------------------------------------------------------------------------------------------------------------------------

[2023-03-04 22:46:21 #1 store] 
Database 'C:\Users\PC\eclipse-workspace\Bets21\src\main\resources\bets.temp' is opened by 344@LAPTOP-P1V2HGHC

[2023-03-04 22:46:22 #2 type] 
Type domain.User is not enhanced.

------------------------------------------------------------------------------------------------------------------------

[2023-03-04 22:47:04 #1 store] 
Database 'C:\Users\PC\eclipse-workspace\Bets21\src\main\resources\bets.temp' is opened by 7728@LAPTOP-P1V2HGHC

[2023-03-04 22:47:04 #2 type] 
Type domain.User is not enhanced.

------------------------------------------------------------------------------------------------------------------------

[2023-03-04 22:47:23 #1 store] 
Database 'C:\Users\PC\eclipse-workspace\Bets21\src\main\resources\bets.temp' is opened by 1160@LAPTOP-P1V2HGHC

[2023-03-04 22:47:23 #2 type] 
Type domain.User is not enhanced.

------------------------------------------------------------------------------------------------------------------------

[2023-03-04 22:48:11 #1 store] 
Database 'C:\Users\PC\eclipse-workspace\Bets21\src\main\resources\bets.temp' is opened by 7924@LAPTOP-P1V2HGHC

[2023-03-04 22:48:11 #2 type] 
Type domain.User is not enhanced.

------------------------------------------------------------------------------------------------------------------------

[2023-03-04 22:48:59 #1 store] 
Database 'C:\Users\PC\eclipse-workspace\Bets21\src\main\resources\bets.temp' is opened by 15724@LAPTOP-P1V2HGHC

[2023-03-04 22:48:59 #2 type] 
Type domain.User is not enhanced.

------------------------------------------------------------------------------------------------------------------------

[2023-03-04 23:13:56 #1 store] 
Database 'C:\Users\PC\eclipse-workspace\Bets21\src\main\resources\bets.temp' is opened by 10876@LAPTOP-P1V2HGHC

[2023-03-04 23:13:56 #2 type] 
Type domain.User is not enhanced.

------------------------------------------------------------------------------------------------------------------------

[2023-03-04 23:14:45 #1 store] 
Database 'C:\Users\PC\eclipse-workspace\Bets21\src\main\resources\bets.temp' is opened by 18968@LAPTOP-P1V2HGHC

[2023-03-04 23:14:45 #2 type] 
Type domain.User is not enhanced.

------------------------------------------------------------------------------------------------------------------------

[2023-03-04 23:16:39 #1 store] 
Database 'C:\Users\PC\eclipse-workspace\Bets21\src\main\resources\bets.temp' is opened by 6108@LAPTOP-P1V2HGHC

[2023-03-04 23:16:39 #2 type] 
Type domain.User is not enhanced.

------------------------------------------------------------------------------------------------------------------------

[2023-03-04 23:23:07 #1 store] 
Database 'C:\Users\PC\eclipse-workspace\Bets21\src\main\resources\bets.temp' is opened by 1388@LAPTOP-P1V2HGHC

[2023-03-04 23:23:07 #2 type] 
Type domain.User is not enhanced.

------------------------------------------------------------------------------------------------------------------------

[2023-03-04 23:24:45 #1 store] 
Database 'C:\Users\PC\eclipse-workspace\Bets21\src\main\resources\bets.temp' is opened by 8632@LAPTOP-P1V2HGHC

[2023-03-04 23:24:46 #2 type] 
Type domain.User is not enhanced.

------------------------------------------------------------------------------------------------------------------------

[2023-03-04 23:27:45 #1 store] 
Database 'C:\Users\PC\eclipse-workspace\Bets21\src\main\resources\bets.temp' is opened by 14456@LAPTOP-P1V2HGHC

[2023-03-04 23:27:45 #2 type] 
Type domain.User is not enhanced.

------------------------------------------------------------------------------------------------------------------------

[2023-03-04 23:28:39 #1 store] 
Database 'C:\Users\PC\eclipse-workspace\Bets21\src\main\resources\bets.temp' is opened by 16228@LAPTOP-P1V2HGHC

[2023-03-04 23:28:39 #2 type] 
Type domain.User is not enhanced.

