------------------------------------------------------------------------------------------------------------------------

[2023-03-30 16:37:57 #1 store] 
Database 'C:\Users\PC\eclipse-workspace\Bets21\src\main\resources\bets.temp' is opened by 11212@LAPTOP-P1V2HGHC

[2023-03-30 16:37:57 #2 type.registry] 
New type domain.Erabiltzaile

[2023-03-30 16:37:57 #3 type.registry] 
New type domain.User

[2023-03-30 16:37:57 #4 type] 
Type domain.Erabiltzaile is not enhanced.

[2023-03-30 16:37:57 #5 type] 
Type domain.User is not enhanced.

[2023-03-30 16:37:57 #6 type.registry] 
New type domain.Mugimendua

[2023-03-30 16:37:57 #7 type.registry] 
New type java.util.LinkedList<domain.Mugimendua>

[2023-03-30 16:37:57 #8 type.registry] 
New type domain.Admin

[2023-03-30 16:37:57 #9 type] 
Type domain.Admin is not enhanced.

[2023-03-30 16:37:57 #10 type.registry] 
New type domain.Langile

[2023-03-30 16:37:57 #11 type] 
Type domain.Langile is not enhanced.

[2023-03-30 16:37:57 #12 type.registry] 
New type domain.Question

[2023-03-30 16:37:57 #13 type] 
Type domain.Question is not enhanced.

[2023-03-30 16:37:57 #14 type.registry] 
New type domain.Event

[2023-03-30 16:37:57 #15 type] 
Type domain.Event is not enhanced.

[2023-03-30 16:37:57 #16 type.registry] 
New type java.util.Vector<domain.Question>

[2023-03-30 16:37:57 #17 type.registry] 
New type java.util.Vector<java.lang.Object>

[2023-03-30 16:37:57 #18 type.registry] 
New type java.util.LinkedList<java.lang.Object>

------------------------------------------------------------------------------------------------------------------------

[2023-03-30 16:38:32 #1 store] 
Database 'C:\Users\PC\eclipse-workspace\Bets21\src\main\resources\bets.temp' is opened by 16008@LAPTOP-P1V2HGHC

[2023-03-30 16:38:32 #2 type.registry] 
New type domain.Erabiltzaile

[2023-03-30 16:38:32 #3 type.registry] 
New type domain.User

[2023-03-30 16:38:32 #4 type] 
Type domain.Erabiltzaile is not enhanced.

[2023-03-30 16:38:32 #5 type] 
Type domain.User is not enhanced.

[2023-03-30 16:38:32 #6 type.registry] 
New type domain.Mugimendua

[2023-03-30 16:38:32 #7 type.registry] 
New type java.util.LinkedList<domain.Mugimendua>

[2023-03-30 16:38:32 #8 type.registry] 
New type domain.Admin

[2023-03-30 16:38:32 #9 type] 
Type domain.Admin is not enhanced.

[2023-03-30 16:38:32 #10 type.registry] 
New type domain.Langile

[2023-03-30 16:38:32 #11 type] 
Type domain.Langile is not enhanced.

[2023-03-30 16:38:32 #12 type.registry] 
New type domain.Question

[2023-03-30 16:38:32 #13 type] 
Type domain.Question is not enhanced.

[2023-03-30 16:38:32 #14 type.registry] 
New type domain.Event

[2023-03-30 16:38:32 #15 type] 
Type domain.Event is not enhanced.

[2023-03-30 16:38:32 #16 type.registry] 
New type java.util.Vector<domain.Question>

[2023-03-30 16:38:32 #17 type.registry] 
New type java.util.Vector<java.lang.Object>

[2023-03-30 16:38:32 #18 type.registry] 
New type java.util.LinkedList<java.lang.Object>

------------------------------------------------------------------------------------------------------------------------

[2023-03-30 16:38:52 #1 store] 
Database 'C:\Users\PC\eclipse-workspace\Bets21\src\main\resources\bets.temp' has been recovered (tr. 1-9)

[2023-03-30 16:38:52 #2 store] 
Database 'C:\Users\PC\eclipse-workspace\Bets21\src\main\resources\bets.temp' is opened by 12452@LAPTOP-P1V2HGHC

[2023-03-30 16:38:52 #3 type] 
Type domain.Erabiltzaile is not enhanced.

[2023-03-30 16:38:52 #4 type] 
Type domain.User is not enhanced.

[2023-03-30 16:38:52 #5 type] 
Type domain.Admin is not enhanced.

[2023-03-30 16:38:52 #6 type] 
Type domain.Langile is not enhanced.

[2023-03-30 16:38:53 #7 type] 
Type domain.Question is not enhanced.

[2023-03-30 16:38:53 #8 type] 
Type domain.Event is not enhanced.

------------------------------------------------------------------------------------------------------------------------

[2023-03-30 16:41:11 #1 store] 
Database 'C:\Users\PC\eclipse-workspace\Bets21\src\main\resources\bets.temp' is opened by 5580@LAPTOP-P1V2HGHC

[2023-03-30 16:41:11 #2 type] 
Type domain.Erabiltzaile is not enhanced.

[2023-03-30 16:41:11 #3 type] 
Type domain.User is not enhanced.

[2023-03-30 16:41:11 #4 type] 
Type domain.Admin is not enhanced.

[2023-03-30 16:41:11 #5 type] 
Type domain.Langile is not enhanced.

[2023-03-30 16:41:11 #6 type] 
Type domain.Question is not enhanced.

[2023-03-30 16:41:11 #7 type] 
Type domain.Event is not enhanced.

[2023-03-30 16:42:36 #8 type.registry] 
New type domain.Quote

[2023-03-30 16:42:36 #9 type] 
Type domain.Quote is not enhanced.

------------------------------------------------------------------------------------------------------------------------

[2023-03-30 16:50:03 #1 store] 
Database 'C:\Users\PC\eclipse-workspace\Bets21\src\main\resources\bets.temp' has been recovered (tr. 10-12)

[2023-03-30 16:50:03 #2 store] 
Database 'C:\Users\PC\eclipse-workspace\Bets21\src\main\resources\bets.temp' is opened by 4172@LAPTOP-P1V2HGHC

[2023-03-30 16:50:03 #3 type] 
Type domain.Erabiltzaile is not enhanced.

[2023-03-30 16:50:03 #4 type] 
Type domain.User is not enhanced.

[2023-03-30 16:50:03 #5 type] 
Type domain.Admin is not enhanced.

[2023-03-30 16:50:03 #6 type] 
Type domain.Langile is not enhanced.

[2023-03-30 16:50:03 #7 type] 
Type domain.Question is not enhanced.

[2023-03-30 16:50:03 #8 type] 
Type domain.Event is not enhanced.

[2023-03-30 16:50:03 #9 type] 
Type domain.Quote is not enhanced.

------------------------------------------------------------------------------------------------------------------------

[2023-03-30 16:50:50 #1 store] 
Database 'C:\Users\PC\eclipse-workspace\Bets21\src\main\resources\bets.temp' has been recovered (tr. 13-14)

[2023-03-30 16:50:51 #2 store] 
Database 'C:\Users\PC\eclipse-workspace\Bets21\src\main\resources\bets.temp' is opened by 3288@LAPTOP-P1V2HGHC

[2023-03-30 16:50:51 #3 type] 
Type domain.Erabiltzaile is not enhanced.

[2023-03-30 16:50:51 #4 type] 
Type domain.User is not enhanced.

[2023-03-30 16:50:51 #5 type] 
Type domain.Admin is not enhanced.

[2023-03-30 16:50:51 #6 type] 
Type domain.Langile is not enhanced.

[2023-03-30 16:50:51 #7 type] 
Type domain.Question is not enhanced.

[2023-03-30 16:50:51 #8 type] 
Type domain.Event is not enhanced.

[2023-03-30 16:50:51 #9 type] 
Type domain.Quote is not enhanced.

------------------------------------------------------------------------------------------------------------------------

[2023-03-30 16:51:17 #1 store] 
Database 'C:\Users\PC\eclipse-workspace\Bets21\src\main\resources\bets.temp' is opened by 4520@LAPTOP-P1V2HGHC

[2023-03-30 16:51:17 #2 type] 
Type domain.Erabiltzaile is not enhanced.

[2023-03-30 16:51:17 #3 type] 
Type domain.User is not enhanced.

[2023-03-30 16:51:17 #4 type] 
Type domain.Admin is not enhanced.

[2023-03-30 16:51:17 #5 type] 
Type domain.Langile is not enhanced.

[2023-03-30 16:51:17 #6 type] 
Type domain.Question is not enhanced.

[2023-03-30 16:51:17 #7 type] 
Type domain.Event is not enhanced.

[2023-03-30 16:51:17 #8 type] 
Type domain.Quote is not enhanced.

------------------------------------------------------------------------------------------------------------------------

[2023-03-30 16:51:34 #1 store] 
Database 'C:\Users\PC\eclipse-workspace\Bets21\src\main\resources\bets.temp' is opened by 7104@LAPTOP-P1V2HGHC

[2023-03-30 16:51:34 #2 type] 
Type domain.Erabiltzaile is not enhanced.

[2023-03-30 16:51:34 #3 type] 
Type domain.User is not enhanced.

[2023-03-30 16:51:34 #4 type] 
Type domain.Admin is not enhanced.

[2023-03-30 16:51:34 #5 type] 
Type domain.Langile is not enhanced.

[2023-03-30 16:51:34 #6 type] 
Type domain.Question is not enhanced.

[2023-03-30 16:51:34 #7 type] 
Type domain.Event is not enhanced.

[2023-03-30 16:51:34 #8 type] 
Type domain.Quote is not enhanced.

------------------------------------------------------------------------------------------------------------------------

[2023-03-30 16:52:30 #1 store] 
Database 'C:\Users\PC\eclipse-workspace\Bets21\src\main\resources\bets.temp' has been recovered (tr. 15-17)

[2023-03-30 16:52:30 #2 store] 
Database 'C:\Users\PC\eclipse-workspace\Bets21\src\main\resources\bets.temp' is opened by 2564@LAPTOP-P1V2HGHC

[2023-03-30 16:52:30 #3 type] 
Type domain.Erabiltzaile is not enhanced.

[2023-03-30 16:52:30 #4 type] 
Type domain.User is not enhanced.

[2023-03-30 16:52:30 #5 type] 
Type domain.Admin is not enhanced.

[2023-03-30 16:52:30 #6 type] 
Type domain.Langile is not enhanced.

[2023-03-30 16:52:30 #7 type] 
Type domain.Question is not enhanced.

[2023-03-30 16:52:30 #8 type] 
Type domain.Event is not enhanced.

[2023-03-30 16:52:30 #9 type] 
Type domain.Quote is not enhanced.

------------------------------------------------------------------------------------------------------------------------

[2023-03-30 16:52:38 #1 store] 
Database 'C:\Users\PC\eclipse-workspace\Bets21\src\main\resources\bets.temp' is opened by 13100@LAPTOP-P1V2HGHC

[2023-03-30 16:52:39 #2 type] 
Type domain.Erabiltzaile is not enhanced.

[2023-03-30 16:52:39 #3 type] 
Type domain.User is not enhanced.

[2023-03-30 16:52:39 #4 type] 
Type domain.Admin is not enhanced.

[2023-03-30 16:52:39 #5 type] 
Type domain.Langile is not enhanced.

[2023-03-30 16:52:39 #6 type] 
Type domain.Question is not enhanced.

[2023-03-30 16:52:39 #7 type] 
Type domain.Event is not enhanced.

[2023-03-30 16:52:39 #8 type] 
Type domain.Quote is not enhanced.

