------------------------------------------------------------------------------------------------------------------------

[2023-04-02 00:01:47 #1 store] 
Database 'C:\Users\PC\eclipse-workspace\Bets21\src\main\resources\bets.temp' is opened by 18312@LAPTOP-P1V2HGHC

[2023-04-02 00:01:47 #2 type] 
Type domain.Erabiltzaile is not enhanced.

[2023-04-02 00:01:47 #3 type] 
Type domain.User is not enhanced.

[2023-04-02 00:01:47 #4 type] 
Type domain.Mugimendua is not enhanced.

[2023-04-02 00:01:47 #5 type] 
Type domain.Question is not enhanced.

[2023-04-02 00:01:47 #6 type] 
Type domain.Event is not enhanced.

[2023-04-02 00:01:47 #7 type] 
Type domain.Quote is not enhanced.

[2023-04-02 00:01:47 #8 type] 
Type domain.Admin is not enhanced.

[2023-04-02 00:01:47 #9 type] 
Type domain.Langile is not enhanced.

------------------------------------------------------------------------------------------------------------------------

[2023-04-02 00:03:49 #1 store] 
Database 'C:\Users\PC\eclipse-workspace\Bets21\src\main\resources\bets.temp' is opened by 5232@LAPTOP-P1V2HGHC

[2023-04-02 00:03:49 #2 type] 
Type domain.Erabiltzaile is not enhanced.

[2023-04-02 00:03:49 #3 type] 
Type domain.User is not enhanced.

[2023-04-02 00:03:49 #4 type] 
Type domain.Mugimendua is not enhanced.

[2023-04-02 00:03:49 #5 type] 
Type domain.Question is not enhanced.

[2023-04-02 00:03:49 #6 type] 
Type domain.Event is not enhanced.

[2023-04-02 00:03:49 #7 type] 
Type domain.Quote is not enhanced.

[2023-04-02 00:03:49 #8 type] 
Type domain.Admin is not enhanced.

[2023-04-02 00:03:49 #9 type] 
Type domain.Langile is not enhanced.

------------------------------------------------------------------------------------------------------------------------

[2023-04-02 00:06:10 #1 store] 
Database 'C:\Users\PC\eclipse-workspace\Bets21\src\main\resources\bets.temp' is opened by 3600@LAPTOP-P1V2HGHC

[2023-04-02 00:06:10 #2 type] 
Type domain.Erabiltzaile is not enhanced.

[2023-04-02 00:06:10 #3 type] 
Type domain.User is not enhanced.

[2023-04-02 00:06:10 #4 type] 
Type domain.Mugimendua is not enhanced.

[2023-04-02 00:06:11 #5 type] 
Type domain.Question is not enhanced.

[2023-04-02 00:06:11 #6 type] 
Type domain.Event is not enhanced.

[2023-04-02 00:06:11 #7 type] 
Type domain.Quote is not enhanced.

[2023-04-02 00:06:11 #8 type] 
Type domain.Admin is not enhanced.

[2023-04-02 00:06:11 #9 type] 
Type domain.Langile is not enhanced.

------------------------------------------------------------------------------------------------------------------------

[2023-04-02 00:11:28 #1 store] 
Database 'C:\Users\PC\eclipse-workspace\Bets21\src\main\resources\bets.temp' is opened by 13680@LAPTOP-P1V2HGHC

[2023-04-02 00:11:28 #2 type] 
Type domain.Erabiltzaile is not enhanced.

[2023-04-02 00:11:28 #3 type] 
Type domain.User is not enhanced.

[2023-04-02 00:11:28 #4 type] 
Type domain.Mugimendua is not enhanced.

[2023-04-02 00:11:29 #5 type] 
Type domain.Question is not enhanced.

[2023-04-02 00:11:29 #6 type] 
Type domain.Event is not enhanced.

[2023-04-02 00:11:29 #7 type] 
Type domain.Quote is not enhanced.

[2023-04-02 00:11:29 #8 type] 
Type domain.Admin is not enhanced.

[2023-04-02 00:11:29 #9 type] 
Type domain.Langile is not enhanced.

------------------------------------------------------------------------------------------------------------------------

[2023-04-02 00:12:30 #1 store] 
Database 'C:\Users\PC\eclipse-workspace\Bets21\src\main\resources\bets.temp' is opened by 16716@LAPTOP-P1V2HGHC

[2023-04-02 00:12:30 #2 type] 
Type domain.Erabiltzaile is not enhanced.

[2023-04-02 00:12:30 #3 type] 
Type domain.User is not enhanced.

[2023-04-02 00:12:30 #4 type] 
Type domain.Mugimendua is not enhanced.

[2023-04-02 00:12:30 #5 type] 
Type domain.Question is not enhanced.

[2023-04-02 00:12:30 #6 type] 
Type domain.Event is not enhanced.

[2023-04-02 00:12:30 #7 type] 
Type domain.Quote is not enhanced.

[2023-04-02 00:12:30 #8 type] 
Type domain.Admin is not enhanced.

[2023-04-02 00:12:30 #9 type] 
Type domain.Langile is not enhanced.

------------------------------------------------------------------------------------------------------------------------

[2023-04-02 00:14:27 #1 store] 
Database 'C:\Users\PC\eclipse-workspace\Bets21\src\main\resources\bets.temp' has been recovered (tr. 26-26)

[2023-04-02 00:14:27 #2 store] 
Database 'C:\Users\PC\eclipse-workspace\Bets21\src\main\resources\bets.temp' is opened by 4532@LAPTOP-P1V2HGHC

[2023-04-02 00:14:27 #3 type] 
Type domain.Erabiltzaile is not enhanced.

[2023-04-02 00:14:27 #4 type] 
Type domain.User is not enhanced.

[2023-04-02 00:14:27 #5 type] 
Type domain.Mugimendua is not enhanced.

[2023-04-02 00:14:27 #6 type] 
Type domain.Question is not enhanced.

[2023-04-02 00:14:27 #7 type] 
Type domain.Event is not enhanced.

[2023-04-02 00:14:27 #8 type] 
Type domain.Quote is not enhanced.

[2023-04-02 00:14:27 #9 type] 
Type domain.Admin is not enhanced.

[2023-04-02 00:14:27 #10 type] 
Type domain.Langile is not enhanced.

------------------------------------------------------------------------------------------------------------------------

[2023-04-02 00:16:28 #1 store] 
Database 'C:\Users\PC\eclipse-workspace\Bets21\src\main\resources\bets.temp' is opened by 13248@LAPTOP-P1V2HGHC

[2023-04-02 00:16:28 #2 type] 
Type domain.Erabiltzaile is not enhanced.

[2023-04-02 00:16:28 #3 type] 
Type domain.User is not enhanced.

[2023-04-02 00:16:28 #4 type] 
Type domain.Mugimendua is not enhanced.

[2023-04-02 00:16:28 #5 type] 
Type domain.Question is not enhanced.

[2023-04-02 00:16:28 #6 type] 
Type domain.Event is not enhanced.

[2023-04-02 00:16:28 #7 type] 
Type domain.Quote is not enhanced.

[2023-04-02 00:16:28 #8 type] 
Type domain.Admin is not enhanced.

[2023-04-02 00:16:28 #9 type] 
Type domain.Langile is not enhanced.

------------------------------------------------------------------------------------------------------------------------

[2023-04-02 00:17:08 #1 store] 
Database 'C:\Users\PC\eclipse-workspace\Bets21\src\main\resources\bets.temp' is opened by 6324@LAPTOP-P1V2HGHC

[2023-04-02 00:17:08 #2 type] 
Type domain.Erabiltzaile is not enhanced.

[2023-04-02 00:17:08 #3 type] 
Type domain.User is not enhanced.

[2023-04-02 00:17:08 #4 type] 
Type domain.Mugimendua is not enhanced.

[2023-04-02 00:17:08 #5 type] 
Type domain.Question is not enhanced.

[2023-04-02 00:17:08 #6 type] 
Type domain.Event is not enhanced.

[2023-04-02 00:17:08 #7 type] 
Type domain.Quote is not enhanced.

[2023-04-02 00:17:08 #8 type] 
Type domain.Admin is not enhanced.

[2023-04-02 00:17:08 #9 type] 
Type domain.Langile is not enhanced.

------------------------------------------------------------------------------------------------------------------------

[2023-04-02 00:18:37 #1 store] 
Database 'C:\Users\PC\eclipse-workspace\Bets21\src\main\resources\bets.temp' has been recovered (tr. 27-27)

[2023-04-02 00:18:37 #2 store] 
Database 'C:\Users\PC\eclipse-workspace\Bets21\src\main\resources\bets.temp' is opened by 6988@LAPTOP-P1V2HGHC

[2023-04-02 00:18:37 #3 type] 
Type domain.Erabiltzaile is not enhanced.

[2023-04-02 00:18:37 #4 type] 
Type domain.User is not enhanced.

[2023-04-02 00:18:37 #5 type] 
Type domain.Mugimendua is not enhanced.

[2023-04-02 00:18:37 #6 type] 
Type domain.Question is not enhanced.

[2023-04-02 00:18:37 #7 type] 
Type domain.Event is not enhanced.

[2023-04-02 00:18:37 #8 type] 
Type domain.Quote is not enhanced.

[2023-04-02 00:18:37 #9 type] 
Type domain.Admin is not enhanced.

[2023-04-02 00:18:37 #10 type] 
Type domain.Langile is not enhanced.

------------------------------------------------------------------------------------------------------------------------

[2023-04-02 00:29:16 #1 store] 
Database 'C:\Users\PC\eclipse-workspace\Bets21\src\main\resources\bets.temp' is opened by 17968@LAPTOP-P1V2HGHC

[2023-04-02 00:29:16 #2 type] 
Type domain.Erabiltzaile is not enhanced.

[2023-04-02 00:29:16 #3 type] 
Type domain.User is not enhanced.

[2023-04-02 00:29:16 #4 type] 
Type domain.Mugimendua is not enhanced.

[2023-04-02 00:29:16 #5 type] 
Type domain.Question is not enhanced.

[2023-04-02 00:29:16 #6 type.registry] 
New type java.util.Vector<domain.Quote>

[2023-04-02 00:29:16 #7 type] 
Type domain.Event is not enhanced.

[2023-04-02 00:29:16 #8 type] 
Type domain.Quote is not enhanced.

[2023-04-02 00:29:16 #9 type] 
Type domain.Admin is not enhanced.

[2023-04-02 00:29:16 #10 type] 
Type domain.Langile is not enhanced.

------------------------------------------------------------------------------------------------------------------------

[2023-04-02 16:19:54 #1 store] 
Database 'C:\Users\PC\eclipse-workspace\Bets21\src\main\resources\bets.temp' has been recovered (tr. 28-28)

[2023-04-02 16:19:54 #2 store] 
Database 'C:\Users\PC\eclipse-workspace\Bets21\src\main\resources\bets.temp' is opened by 19716@LAPTOP-P1V2HGHC

[2023-04-02 16:19:54 #3 type] 
Type domain.Erabiltzaile is not enhanced.

[2023-04-02 16:19:54 #4 type] 
Type domain.User is not enhanced.

[2023-04-02 16:19:54 #5 type] 
Type domain.Mugimendua is not enhanced.

[2023-04-02 16:19:54 #6 type] 
Type domain.Question is not enhanced.

[2023-04-02 16:19:54 #7 type] 
Type domain.Event is not enhanced.

[2023-04-02 16:19:54 #8 type] 
Type domain.Quote is not enhanced.

[2023-04-02 16:19:54 #9 type] 
Type domain.Admin is not enhanced.

[2023-04-02 16:19:54 #10 type] 
Type domain.Langile is not enhanced.

------------------------------------------------------------------------------------------------------------------------

[2023-04-02 16:23:56 #1 store] 
Database 'C:\Users\PC\eclipse-workspace\Bets21\src\main\resources\bets.temp' has been recovered (tr. 29-29)

[2023-04-02 16:23:56 #2 store] 
Database 'C:\Users\PC\eclipse-workspace\Bets21\src\main\resources\bets.temp' is opened by 15080@LAPTOP-P1V2HGHC

[2023-04-02 16:23:57 #3 type] 
Type domain.Erabiltzaile is not enhanced.

[2023-04-02 16:23:57 #4 type] 
Type domain.User is not enhanced.

[2023-04-02 16:23:57 #5 type] 
Type domain.Mugimendua is not enhanced.

[2023-04-02 16:23:57 #6 type] 
Type domain.Question is not enhanced.

[2023-04-02 16:23:57 #7 type] 
Type domain.Event is not enhanced.

[2023-04-02 16:23:57 #8 type] 
Type domain.Quote is not enhanced.

[2023-04-02 16:23:57 #9 type] 
Type domain.Admin is not enhanced.

[2023-04-02 16:23:57 #10 type] 
Type domain.Langile is not enhanced.

------------------------------------------------------------------------------------------------------------------------

[2023-04-02 16:27:35 #1 store] 
Database 'C:\Users\PC\eclipse-workspace\Bets21\src\main\resources\bets.temp' is opened by 1264@LAPTOP-P1V2HGHC

[2023-04-02 16:27:35 #2 type] 
Type domain.Erabiltzaile is not enhanced.

[2023-04-02 16:27:35 #3 type] 
Type domain.User is not enhanced.

[2023-04-02 16:27:35 #4 type] 
Type domain.Mugimendua is not enhanced.

[2023-04-02 16:27:35 #5 type] 
Type domain.Question is not enhanced.

[2023-04-02 16:27:35 #6 type] 
Type domain.Event is not enhanced.

[2023-04-02 16:27:35 #7 type] 
Type domain.Quote is not enhanced.

[2023-04-02 16:27:35 #8 type] 
Type domain.Admin is not enhanced.

[2023-04-02 16:27:35 #9 type] 
Type domain.Langile is not enhanced.

------------------------------------------------------------------------------------------------------------------------

[2023-04-02 16:30:56 #1 store] 
Database 'C:\Users\PC\eclipse-workspace\Bets21\src\main\resources\bets.temp' is opened by 17068@LAPTOP-P1V2HGHC

[2023-04-02 16:30:56 #2 type] 
Type domain.Erabiltzaile is not enhanced.

[2023-04-02 16:30:56 #3 type] 
Type domain.User is not enhanced.

[2023-04-02 16:30:56 #4 type] 
Type domain.Mugimendua is not enhanced.

[2023-04-02 16:30:56 #5 type] 
Type domain.Question is not enhanced.

[2023-04-02 16:30:56 #6 type] 
Type domain.Event is not enhanced.

[2023-04-02 16:30:56 #7 type] 
Type domain.Quote is not enhanced.

[2023-04-02 16:30:56 #8 type] 
Type domain.Admin is not enhanced.

[2023-04-02 16:30:56 #9 type] 
Type domain.Langile is not enhanced.

------------------------------------------------------------------------------------------------------------------------

[2023-04-02 16:32:07 #1 store] 
Database 'C:\Users\PC\eclipse-workspace\Bets21\src\main\resources\bets.temp' is opened by 10876@LAPTOP-P1V2HGHC

[2023-04-02 16:32:07 #2 type] 
Type domain.Erabiltzaile is not enhanced.

[2023-04-02 16:32:07 #3 type] 
Type domain.User is not enhanced.

[2023-04-02 16:32:07 #4 type] 
Type domain.Mugimendua is not enhanced.

[2023-04-02 16:32:07 #5 type] 
Type domain.Question is not enhanced.

[2023-04-02 16:32:07 #6 type] 
Type domain.Event is not enhanced.

[2023-04-02 16:32:07 #7 type] 
Type domain.Quote is not enhanced.

[2023-04-02 16:32:07 #8 type] 
Type domain.Admin is not enhanced.

[2023-04-02 16:32:07 #9 type] 
Type domain.Langile is not enhanced.

------------------------------------------------------------------------------------------------------------------------

[2023-04-02 16:33:54 #1 store] 
Database 'C:\Users\PC\eclipse-workspace\Bets21\src\main\resources\bets.temp' is opened by 19376@LAPTOP-P1V2HGHC

[2023-04-02 16:33:54 #2 type] 
Type domain.Erabiltzaile is not enhanced.

[2023-04-02 16:33:54 #3 type] 
Type domain.User is not enhanced.

[2023-04-02 16:33:54 #4 type] 
Type domain.Mugimendua is not enhanced.

[2023-04-02 16:33:54 #5 type] 
Type domain.Question is not enhanced.

[2023-04-02 16:33:54 #6 type] 
Type domain.Event is not enhanced.

[2023-04-02 16:33:54 #7 type] 
Type domain.Quote is not enhanced.

[2023-04-02 16:33:54 #8 type] 
Type domain.Admin is not enhanced.

[2023-04-02 16:33:54 #9 type] 
Type domain.Langile is not enhanced.

------------------------------------------------------------------------------------------------------------------------

[2023-04-02 16:35:47 #1 store] 
Database 'C:\Users\PC\eclipse-workspace\Bets21\src\main\resources\bets.temp' is opened by 5316@LAPTOP-P1V2HGHC

[2023-04-02 16:35:47 #2 type] 
Type domain.Erabiltzaile is not enhanced.

[2023-04-02 16:35:47 #3 type] 
Type domain.User is not enhanced.

[2023-04-02 16:35:47 #4 type] 
Type domain.Mugimendua is not enhanced.

[2023-04-02 16:35:47 #5 type] 
Type domain.Question is not enhanced.

[2023-04-02 16:35:47 #6 type] 
Type domain.Event is not enhanced.

[2023-04-02 16:35:47 #7 type] 
Type domain.Quote is not enhanced.

[2023-04-02 16:35:47 #8 type] 
Type domain.Admin is not enhanced.

[2023-04-02 16:35:47 #9 type] 
Type domain.Langile is not enhanced.

------------------------------------------------------------------------------------------------------------------------

[2023-04-02 16:37:15 #1 store] 
Database 'C:\Users\PC\eclipse-workspace\Bets21\src\main\resources\bets.temp' is opened by 8688@LAPTOP-P1V2HGHC

[2023-04-02 16:37:15 #2 type] 
Type domain.Erabiltzaile is not enhanced.

[2023-04-02 16:37:15 #3 type] 
Type domain.User is not enhanced.

[2023-04-02 16:37:15 #4 type] 
Type domain.Mugimendua is not enhanced.

[2023-04-02 16:37:15 #5 type] 
Type domain.Question is not enhanced.

[2023-04-02 16:37:15 #6 type] 
Type domain.Event is not enhanced.

[2023-04-02 16:37:15 #7 type] 
Type domain.Quote is not enhanced.

[2023-04-02 16:37:15 #8 type] 
Type domain.Admin is not enhanced.

[2023-04-02 16:37:15 #9 type] 
Type domain.Langile is not enhanced.

------------------------------------------------------------------------------------------------------------------------

[2023-04-02 16:38:51 #1 store] 
Database 'C:\Users\PC\eclipse-workspace\Bets21\src\main\resources\bets.temp' is opened by 10468@LAPTOP-P1V2HGHC

[2023-04-02 16:38:51 #2 type] 
Type domain.Erabiltzaile is not enhanced.

[2023-04-02 16:38:51 #3 type] 
Type domain.User is not enhanced.

[2023-04-02 16:38:51 #4 type] 
Type domain.Mugimendua is not enhanced.

[2023-04-02 16:38:51 #5 type] 
Type domain.Question is not enhanced.

[2023-04-02 16:38:51 #6 type] 
Type domain.Event is not enhanced.

[2023-04-02 16:38:51 #7 type] 
Type domain.Quote is not enhanced.

[2023-04-02 16:38:51 #8 type] 
Type domain.Admin is not enhanced.

[2023-04-02 16:38:51 #9 type] 
Type domain.Langile is not enhanced.

------------------------------------------------------------------------------------------------------------------------

[2023-04-02 16:40:28 #1 store] 
Database 'C:\Users\PC\eclipse-workspace\Bets21\src\main\resources\bets.temp' is opened by 10624@LAPTOP-P1V2HGHC

[2023-04-02 16:40:29 #2 type] 
Type domain.Erabiltzaile is not enhanced.

[2023-04-02 16:40:29 #3 type] 
Type domain.User is not enhanced.

[2023-04-02 16:40:29 #4 type] 
Type domain.Mugimendua is not enhanced.

[2023-04-02 16:40:29 #5 type] 
Type domain.Question is not enhanced.

[2023-04-02 16:40:29 #6 type] 
Type domain.Event is not enhanced.

[2023-04-02 16:40:29 #7 type] 
Type domain.Quote is not enhanced.

[2023-04-02 16:40:29 #8 type] 
Type domain.Admin is not enhanced.

[2023-04-02 16:40:29 #9 type] 
Type domain.Langile is not enhanced.

------------------------------------------------------------------------------------------------------------------------

[2023-04-02 16:42:51 #1 store] 
Database 'C:\Users\PC\eclipse-workspace\Bets21\src\main\resources\bets.temp' is opened by 15828@LAPTOP-P1V2HGHC

[2023-04-02 16:42:51 #2 type] 
Type domain.Erabiltzaile is not enhanced.

[2023-04-02 16:42:51 #3 type] 
Type domain.User is not enhanced.

[2023-04-02 16:42:51 #4 type] 
Type domain.Mugimendua is not enhanced.

[2023-04-02 16:42:51 #5 type] 
Type domain.Question is not enhanced.

[2023-04-02 16:42:51 #6 type] 
Type domain.Event is not enhanced.

[2023-04-02 16:42:51 #7 type] 
Type domain.Quote is not enhanced.

[2023-04-02 16:42:51 #8 type] 
Type domain.Admin is not enhanced.

[2023-04-02 16:42:51 #9 type] 
Type domain.Langile is not enhanced.

------------------------------------------------------------------------------------------------------------------------

[2023-04-02 16:44:06 #1 store] 
Database 'C:\Users\PC\eclipse-workspace\Bets21\src\main\resources\bets.temp' is opened by 18948@LAPTOP-P1V2HGHC

[2023-04-02 16:44:06 #2 type] 
Type domain.Erabiltzaile is not enhanced.

[2023-04-02 16:44:06 #3 type] 
Type domain.User is not enhanced.

[2023-04-02 16:44:06 #4 type] 
Type domain.Mugimendua is not enhanced.

[2023-04-02 16:44:06 #5 type] 
Type domain.Question is not enhanced.

[2023-04-02 16:44:06 #6 type] 
Type domain.Event is not enhanced.

[2023-04-02 16:44:06 #7 type] 
Type domain.Quote is not enhanced.

[2023-04-02 16:44:06 #8 type] 
Type domain.Admin is not enhanced.

[2023-04-02 16:44:06 #9 type] 
Type domain.Langile is not enhanced.

------------------------------------------------------------------------------------------------------------------------

[2023-04-02 17:14:37 #1 store] 
Database 'C:\Users\PC\eclipse-workspace\Bets21\src\main\resources\bets.temp' is opened by 14632@LAPTOP-P1V2HGHC

[2023-04-02 17:14:37 #2 type] 
Type domain.Erabiltzaile is not enhanced.

[2023-04-02 17:14:37 #3 type] 
Type domain.User is not enhanced.

[2023-04-02 17:14:37 #4 type] 
Type domain.Mugimendua is not enhanced.

[2023-04-02 17:14:37 #5 type] 
Type domain.Question is not enhanced.

[2023-04-02 17:14:37 #6 type] 
Type domain.Event is not enhanced.

[2023-04-02 17:14:37 #7 type] 
Type domain.Quote is not enhanced.

[2023-04-02 17:14:37 #8 type] 
Type domain.Admin is not enhanced.

[2023-04-02 17:14:37 #9 type] 
Type domain.Langile is not enhanced.

------------------------------------------------------------------------------------------------------------------------

[2023-04-02 17:16:37 #1 store] 
Database 'C:\Users\PC\eclipse-workspace\Bets21\src\main\resources\bets.temp' has been recovered (tr. 30-30)

[2023-04-02 17:16:37 #2 store] 
Database 'C:\Users\PC\eclipse-workspace\Bets21\src\main\resources\bets.temp' is opened by 14908@LAPTOP-P1V2HGHC

[2023-04-02 17:16:37 #3 type] 
Type domain.Erabiltzaile is not enhanced.

[2023-04-02 17:16:37 #4 type] 
Type domain.User is not enhanced.

[2023-04-02 17:16:37 #5 type] 
Type domain.Mugimendua is not enhanced.

[2023-04-02 17:16:37 #6 type] 
Type domain.Question is not enhanced.

[2023-04-02 17:16:37 #7 type] 
Type domain.Event is not enhanced.

[2023-04-02 17:16:37 #8 type] 
Type domain.Quote is not enhanced.

[2023-04-02 17:16:37 #9 type] 
Type domain.Admin is not enhanced.

[2023-04-02 17:16:37 #10 type] 
Type domain.Langile is not enhanced.

------------------------------------------------------------------------------------------------------------------------

[2023-04-02 17:25:23 #1 store] 
Database 'C:\Users\PC\eclipse-workspace\Bets21\src\main\resources\bets.temp' is opened by 10752@LAPTOP-P1V2HGHC

[2023-04-02 17:25:23 #2 type] 
Type domain.Erabiltzaile is not enhanced.

[2023-04-02 17:25:23 #3 type] 
Type domain.User is not enhanced.

[2023-04-02 17:25:23 #4 type] 
Type domain.Mugimendua is not enhanced.

[2023-04-02 17:25:23 #5 type] 
Type domain.Question is not enhanced.

[2023-04-02 17:25:23 #6 type] 
Type domain.Event is not enhanced.

[2023-04-02 17:25:23 #7 type] 
Type domain.Quote is not enhanced.

[2023-04-02 17:25:23 #8 type] 
Type domain.Admin is not enhanced.

[2023-04-02 17:25:23 #9 type] 
Type domain.Langile is not enhanced.

------------------------------------------------------------------------------------------------------------------------

[2023-04-02 17:26:15 #1 store] 
Database 'C:\Users\PC\eclipse-workspace\Bets21\src\main\resources\bets.temp' is opened by 9932@LAPTOP-P1V2HGHC

[2023-04-02 17:26:15 #2 type] 
Type domain.Erabiltzaile is not enhanced.

[2023-04-02 17:26:15 #3 type] 
Type domain.User is not enhanced.

[2023-04-02 17:26:15 #4 type] 
Type domain.Mugimendua is not enhanced.

[2023-04-02 17:26:15 #5 type] 
Type domain.Question is not enhanced.

[2023-04-02 17:26:15 #6 type] 
Type domain.Event is not enhanced.

[2023-04-02 17:26:15 #7 type] 
Type domain.Quote is not enhanced.

[2023-04-02 17:26:15 #8 type] 
Type domain.Admin is not enhanced.

[2023-04-02 17:26:15 #9 type] 
Type domain.Langile is not enhanced.

------------------------------------------------------------------------------------------------------------------------

[2023-04-02 17:27:18 #1 store] 
Database 'C:\Users\PC\eclipse-workspace\Bets21\src\main\resources\bets.temp' is opened by 18224@LAPTOP-P1V2HGHC

[2023-04-02 17:27:18 #2 type] 
Type domain.Erabiltzaile is not enhanced.

[2023-04-02 17:27:18 #3 type] 
Type domain.User is not enhanced.

[2023-04-02 17:27:18 #4 type] 
Type domain.Mugimendua is not enhanced.

[2023-04-02 17:27:18 #5 type] 
Type domain.Question is not enhanced.

[2023-04-02 17:27:18 #6 type] 
Type domain.Event is not enhanced.

[2023-04-02 17:27:18 #7 type] 
Type domain.Quote is not enhanced.

[2023-04-02 17:27:18 #8 type] 
Type domain.Admin is not enhanced.

[2023-04-02 17:27:18 #9 type] 
Type domain.Langile is not enhanced.

------------------------------------------------------------------------------------------------------------------------

[2023-04-02 17:29:53 #1 store] 
Database 'C:\Users\PC\eclipse-workspace\Bets21\src\main\resources\bets.temp' is opened by 13936@LAPTOP-P1V2HGHC

[2023-04-02 17:29:53 #2 type] 
Type domain.Erabiltzaile is not enhanced.

[2023-04-02 17:29:53 #3 type] 
Type domain.User is not enhanced.

[2023-04-02 17:29:53 #4 type] 
Type domain.Mugimendua is not enhanced.

[2023-04-02 17:29:53 #5 type] 
Type domain.Question is not enhanced.

[2023-04-02 17:29:53 #6 type] 
Type domain.Event is not enhanced.

[2023-04-02 17:29:53 #7 type] 
Type domain.Quote is not enhanced.

[2023-04-02 17:29:53 #8 type] 
Type domain.Admin is not enhanced.

[2023-04-02 17:29:53 #9 type] 
Type domain.Langile is not enhanced.

------------------------------------------------------------------------------------------------------------------------

[2023-04-02 17:35:05 #1 store] 
Database 'C:\Users\PC\eclipse-workspace\Bets21\src\main\resources\bets.temp' is opened by 14648@LAPTOP-P1V2HGHC

[2023-04-02 17:35:05 #2 type] 
Type domain.Erabiltzaile is not enhanced.

[2023-04-02 17:35:05 #3 type] 
Type domain.User is not enhanced.

[2023-04-02 17:35:05 #4 type] 
Type domain.Mugimendua is not enhanced.

[2023-04-02 17:35:05 #5 type] 
Type domain.Question is not enhanced.

[2023-04-02 17:35:05 #6 type] 
Type domain.Event is not enhanced.

[2023-04-02 17:35:05 #7 type] 
Type domain.Quote is not enhanced.

[2023-04-02 17:35:05 #8 type] 
Type domain.Admin is not enhanced.

[2023-04-02 17:35:05 #9 type] 
Type domain.Langile is not enhanced.

------------------------------------------------------------------------------------------------------------------------

[2023-04-02 17:35:39 #1 store] 
Database 'C:\Users\PC\eclipse-workspace\Bets21\src\main\resources\bets.temp' is opened by 16136@LAPTOP-P1V2HGHC

[2023-04-02 17:35:39 #2 type] 
Type domain.Erabiltzaile is not enhanced.

[2023-04-02 17:35:39 #3 type] 
Type domain.User is not enhanced.

[2023-04-02 17:35:39 #4 type] 
Type domain.Mugimendua is not enhanced.

[2023-04-02 17:35:39 #5 type] 
Type domain.Question is not enhanced.

[2023-04-02 17:35:39 #6 type] 
Type domain.Event is not enhanced.

[2023-04-02 17:35:39 #7 type] 
Type domain.Quote is not enhanced.

[2023-04-02 17:35:39 #8 type] 
Type domain.Admin is not enhanced.

[2023-04-02 17:35:39 #9 type] 
Type domain.Langile is not enhanced.

------------------------------------------------------------------------------------------------------------------------

[2023-04-02 17:37:20 #1 store] 
Database 'C:\Users\PC\eclipse-workspace\Bets21\src\main\resources\bets.temp' is opened by 12636@LAPTOP-P1V2HGHC

[2023-04-02 17:37:20 #2 type] 
Type domain.Erabiltzaile is not enhanced.

[2023-04-02 17:37:20 #3 type] 
Type domain.User is not enhanced.

[2023-04-02 17:37:20 #4 type] 
Type domain.Mugimendua is not enhanced.

[2023-04-02 17:37:20 #5 type] 
Type domain.Question is not enhanced.

[2023-04-02 17:37:20 #6 type] 
Type domain.Event is not enhanced.

[2023-04-02 17:37:20 #7 type] 
Type domain.Quote is not enhanced.

[2023-04-02 17:37:20 #8 type] 
Type domain.Admin is not enhanced.

[2023-04-02 17:37:20 #9 type] 
Type domain.Langile is not enhanced.

------------------------------------------------------------------------------------------------------------------------

[2023-04-02 17:38:25 #1 store] 
Database 'C:\Users\PC\eclipse-workspace\Bets21\src\main\resources\bets.temp' is opened by 15328@LAPTOP-P1V2HGHC

[2023-04-02 17:38:25 #2 type] 
Type domain.Erabiltzaile is not enhanced.

[2023-04-02 17:38:25 #3 type] 
Type domain.User is not enhanced.

[2023-04-02 17:38:25 #4 type] 
Type domain.Mugimendua is not enhanced.

[2023-04-02 17:38:25 #5 type] 
Type domain.Question is not enhanced.

[2023-04-02 17:38:25 #6 type] 
Type domain.Event is not enhanced.

[2023-04-02 17:38:25 #7 type] 
Type domain.Quote is not enhanced.

[2023-04-02 17:38:25 #8 type] 
Type domain.Admin is not enhanced.

[2023-04-02 17:38:25 #9 type] 
Type domain.Langile is not enhanced.

------------------------------------------------------------------------------------------------------------------------

[2023-04-02 17:40:04 #1 store] 
Database 'C:\Users\PC\eclipse-workspace\Bets21\src\main\resources\bets.temp' is opened by 19192@LAPTOP-P1V2HGHC

[2023-04-02 17:40:04 #2 type] 
Type domain.Erabiltzaile is not enhanced.

[2023-04-02 17:40:04 #3 type] 
Type domain.User is not enhanced.

[2023-04-02 17:40:04 #4 type] 
Type domain.Mugimendua is not enhanced.

[2023-04-02 17:40:04 #5 type] 
Type domain.Question is not enhanced.

[2023-04-02 17:40:04 #6 type] 
Type domain.Event is not enhanced.

[2023-04-02 17:40:04 #7 type] 
Type domain.Quote is not enhanced.

[2023-04-02 17:40:04 #8 type] 
Type domain.Admin is not enhanced.

[2023-04-02 17:40:04 #9 type] 
Type domain.Langile is not enhanced.

------------------------------------------------------------------------------------------------------------------------

[2023-04-02 17:40:43 #1 store] 
Database 'C:\Users\PC\eclipse-workspace\Bets21\src\main\resources\bets.temp' is opened by 8832@LAPTOP-P1V2HGHC

[2023-04-02 17:40:43 #2 type] 
Type domain.Erabiltzaile is not enhanced.

[2023-04-02 17:40:43 #3 type] 
Type domain.User is not enhanced.

[2023-04-02 17:40:43 #4 type] 
Type domain.Mugimendua is not enhanced.

[2023-04-02 17:40:43 #5 type] 
Type domain.Question is not enhanced.

[2023-04-02 17:40:43 #6 type] 
Type domain.Event is not enhanced.

[2023-04-02 17:40:43 #7 type] 
Type domain.Quote is not enhanced.

[2023-04-02 17:40:43 #8 type] 
Type domain.Admin is not enhanced.

[2023-04-02 17:40:43 #9 type] 
Type domain.Langile is not enhanced.

------------------------------------------------------------------------------------------------------------------------

[2023-04-02 17:41:44 #1 store] 
Database 'C:\Users\PC\eclipse-workspace\Bets21\src\main\resources\bets.temp' is opened by 16340@LAPTOP-P1V2HGHC

[2023-04-02 17:41:44 #2 type] 
Type domain.Erabiltzaile is not enhanced.

[2023-04-02 17:41:44 #3 type] 
Type domain.User is not enhanced.

[2023-04-02 17:41:44 #4 type] 
Type domain.Mugimendua is not enhanced.

[2023-04-02 17:41:44 #5 type] 
Type domain.Question is not enhanced.

[2023-04-02 17:41:44 #6 type] 
Type domain.Event is not enhanced.

[2023-04-02 17:41:44 #7 type] 
Type domain.Quote is not enhanced.

[2023-04-02 17:41:44 #8 type] 
Type domain.Admin is not enhanced.

[2023-04-02 17:41:44 #9 type] 
Type domain.Langile is not enhanced.

------------------------------------------------------------------------------------------------------------------------

[2023-04-02 17:47:46 #1 store] 
Database 'C:\Users\PC\eclipse-workspace\Bets21\src\main\resources\bets.temp' is opened by 14504@LAPTOP-P1V2HGHC

[2023-04-02 17:47:46 #2 type] 
Type domain.Erabiltzaile is not enhanced.

[2023-04-02 17:47:46 #3 type] 
Type domain.User is not enhanced.

[2023-04-02 17:47:46 #4 type] 
Type domain.Mugimendua is not enhanced.

[2023-04-02 17:47:46 #5 type] 
Type domain.Question is not enhanced.

[2023-04-02 17:47:46 #6 type] 
Type domain.Event is not enhanced.

[2023-04-02 17:47:46 #7 type] 
Type domain.Quote is not enhanced.

[2023-04-02 17:47:46 #8 type] 
Type domain.Admin is not enhanced.

[2023-04-02 17:47:46 #9 type] 
Type domain.Langile is not enhanced.

------------------------------------------------------------------------------------------------------------------------

[2023-04-02 17:48:53 #1 store] 
Database 'C:\Users\PC\eclipse-workspace\Bets21\src\main\resources\bets.temp' has been recovered (tr. 31-31)

[2023-04-02 17:48:53 #2 store] 
Database 'C:\Users\PC\eclipse-workspace\Bets21\src\main\resources\bets.temp' is opened by 13268@LAPTOP-P1V2HGHC

[2023-04-02 17:48:53 #3 type] 
Type domain.Erabiltzaile is not enhanced.

[2023-04-02 17:48:53 #4 type] 
Type domain.User is not enhanced.

[2023-04-02 17:48:53 #5 type] 
Type domain.Mugimendua is not enhanced.

[2023-04-02 17:48:53 #6 type] 
Type domain.Question is not enhanced.

[2023-04-02 17:48:53 #7 type] 
Type domain.Event is not enhanced.

[2023-04-02 17:48:53 #8 type] 
Type domain.Quote is not enhanced.

[2023-04-02 17:48:53 #9 type] 
Type domain.Admin is not enhanced.

[2023-04-02 17:48:53 #10 type] 
Type domain.Langile is not enhanced.

------------------------------------------------------------------------------------------------------------------------

[2023-04-02 22:14:10 #1 store] 
Database 'C:\Users\PC\eclipse-workspace\Bets21\src\main\resources\bets.temp' is opened by 340@LAPTOP-P1V2HGHC

[2023-04-02 22:14:10 #2 type] 
Type domain.Erabiltzaile is not enhanced.

[2023-04-02 22:14:10 #3 type] 
Type domain.User is not enhanced.

[2023-04-02 22:14:10 #4 type] 
Type domain.Mugimendua is not enhanced.

[2023-04-02 22:14:10 #5 type] 
Type domain.Question is not enhanced.

[2023-04-02 22:14:10 #6 type] 
Type domain.Event is not enhanced.

[2023-04-02 22:14:10 #7 type] 
Type domain.Quote is not enhanced.

[2023-04-02 22:14:10 #8 type] 
Type domain.Admin is not enhanced.

[2023-04-02 22:14:10 #9 type] 
Type domain.Langile is not enhanced.

------------------------------------------------------------------------------------------------------------------------

[2023-04-02 22:16:04 #1 store] 
Database 'C:\Users\PC\eclipse-workspace\Bets21\src\main\resources\bets.temp' is opened by 5396@LAPTOP-P1V2HGHC

[2023-04-02 22:16:04 #2 type] 
Type domain.Erabiltzaile is not enhanced.

[2023-04-02 22:16:04 #3 type] 
Type domain.User is not enhanced.

[2023-04-02 22:16:04 #4 type] 
Type domain.Mugimendua is not enhanced.

[2023-04-02 22:16:04 #5 type] 
Type domain.Question is not enhanced.

[2023-04-02 22:16:04 #6 type] 
Type domain.Event is not enhanced.

[2023-04-02 22:16:04 #7 type] 
Type domain.Quote is not enhanced.

[2023-04-02 22:16:04 #8 type] 
Type domain.Admin is not enhanced.

[2023-04-02 22:16:04 #9 type] 
Type domain.Langile is not enhanced.

------------------------------------------------------------------------------------------------------------------------

[2023-04-02 22:17:26 #1 store] 
Database 'C:\Users\PC\eclipse-workspace\Bets21\src\main\resources\bets.temp' is opened by 19288@LAPTOP-P1V2HGHC

[2023-04-02 22:17:26 #2 type] 
Type domain.Erabiltzaile is not enhanced.

[2023-04-02 22:17:26 #3 type] 
Type domain.User is not enhanced.

[2023-04-02 22:17:26 #4 type] 
Type domain.Mugimendua is not enhanced.

[2023-04-02 22:17:26 #5 type] 
Type domain.Question is not enhanced.

[2023-04-02 22:17:26 #6 type] 
Type domain.Event is not enhanced.

[2023-04-02 22:17:26 #7 type] 
Type domain.Quote is not enhanced.

[2023-04-02 22:17:26 #8 type] 
Type domain.Admin is not enhanced.

[2023-04-02 22:17:26 #9 type] 
Type domain.Langile is not enhanced.

------------------------------------------------------------------------------------------------------------------------

[2023-04-02 22:36:09 #1 store] 
Database 'C:\Users\PC\eclipse-workspace\Bets21\src\main\resources\bets.temp' is opened by 19308@LAPTOP-P1V2HGHC

[2023-04-02 22:36:09 #2 type] 
Type domain.Erabiltzaile is not enhanced.

[2023-04-02 22:36:09 #3 type] 
Type domain.User is not enhanced.

[2023-04-02 22:36:09 #4 type] 
Type domain.Mugimendua is not enhanced.

[2023-04-02 22:36:09 #5 type] 
Type domain.Question is not enhanced.

[2023-04-02 22:36:09 #6 type] 
Type domain.Event is not enhanced.

[2023-04-02 22:36:09 #7 type] 
Type domain.Quote is not enhanced.

[2023-04-02 22:36:09 #8 type] 
Type domain.Admin is not enhanced.

[2023-04-02 22:36:09 #9 type] 
Type domain.Langile is not enhanced.

------------------------------------------------------------------------------------------------------------------------

[2023-04-02 22:39:04 #1 store] 
Database 'C:\Users\PC\eclipse-workspace\Bets21\src\main\resources\bets.temp' has been recovered (tr. 32-32)

[2023-04-02 22:39:04 #2 store] 
Database 'C:\Users\PC\eclipse-workspace\Bets21\src\main\resources\bets.temp' is opened by 18668@LAPTOP-P1V2HGHC

[2023-04-02 22:39:04 #3 type] 
Type domain.Erabiltzaile is not enhanced.

[2023-04-02 22:39:04 #4 type] 
Type domain.User is not enhanced.

[2023-04-02 22:39:04 #5 type] 
Type domain.Mugimendua is not enhanced.

[2023-04-02 22:39:04 #6 type] 
Type domain.Question is not enhanced.

[2023-04-02 22:39:04 #7 type] 
Type domain.Event is not enhanced.

[2023-04-02 22:39:04 #8 type] 
Type domain.Quote is not enhanced.

[2023-04-02 22:39:04 #9 type] 
Type domain.Admin is not enhanced.

[2023-04-02 22:39:04 #10 type] 
Type domain.Langile is not enhanced.

------------------------------------------------------------------------------------------------------------------------

[2023-04-02 22:41:34 #1 store] 
Database 'C:\Users\PC\eclipse-workspace\Bets21\src\main\resources\bets.temp' is opened by 16024@LAPTOP-P1V2HGHC

[2023-04-02 22:41:34 #2 type.registry] 
New type domain.Erabiltzaile

[2023-04-02 22:41:34 #3 type.registry] 
New type domain.User

[2023-04-02 22:41:34 #4 type] 
Type domain.Erabiltzaile is not enhanced.

[2023-04-02 22:41:34 #5 type] 
Type domain.User is not enhanced.

[2023-04-02 22:41:34 #6 type.registry] 
New type domain.Mugimendua

[2023-04-02 22:41:34 #7 type.registry] 
New type java.util.LinkedList<domain.Mugimendua>

[2023-04-02 22:41:34 #8 type] 
Type domain.Mugimendua is not enhanced.

[2023-04-02 22:41:34 #9 type.registry] 
New type domain.Question

[2023-04-02 22:41:34 #10 type.registry] 
New type domain.Event

[2023-04-02 22:41:34 #11 type] 
Type domain.Question is not enhanced.

[2023-04-02 22:41:34 #12 type.registry] 
New type domain.Quote

[2023-04-02 22:41:34 #13 type.registry] 
New type java.util.Vector<domain.Quote>

[2023-04-02 22:41:34 #14 type] 
Type domain.Event is not enhanced.

[2023-04-02 22:41:34 #15 type.registry] 
New type java.util.Vector<domain.Question>

[2023-04-02 22:41:34 #16 type] 
Type domain.Quote is not enhanced.

[2023-04-02 22:41:34 #17 type.registry] 
New type domain.Admin

[2023-04-02 22:41:34 #18 type] 
Type domain.Admin is not enhanced.

[2023-04-02 22:41:34 #19 type.registry] 
New type domain.Langile

[2023-04-02 22:41:34 #20 type] 
Type domain.Langile is not enhanced.

[2023-04-02 22:41:34 #21 type.registry] 
New type java.util.Vector<java.lang.Object>

[2023-04-02 22:41:34 #22 type.registry] 
New type java.util.LinkedList<java.lang.Object>

------------------------------------------------------------------------------------------------------------------------

[2023-04-02 22:41:49 #1 store] 
Database 'C:\Users\PC\eclipse-workspace\Bets21\src\main\resources\bets.temp' has been recovered (tr. 1-8)

[2023-04-02 22:41:50 #2 store] 
Database 'C:\Users\PC\eclipse-workspace\Bets21\src\main\resources\bets.temp' is opened by 12672@LAPTOP-P1V2HGHC

[2023-04-02 22:41:50 #3 type] 
Type domain.Erabiltzaile is not enhanced.

[2023-04-02 22:41:50 #4 type] 
Type domain.User is not enhanced.

[2023-04-02 22:41:50 #5 type] 
Type domain.Mugimendua is not enhanced.

[2023-04-02 22:41:50 #6 type] 
Type domain.Question is not enhanced.

[2023-04-02 22:41:50 #7 type] 
Type domain.Event is not enhanced.

[2023-04-02 22:41:50 #8 type] 
Type domain.Quote is not enhanced.

[2023-04-02 22:41:50 #9 type] 
Type domain.Admin is not enhanced.

[2023-04-02 22:41:50 #10 type] 
Type domain.Langile is not enhanced.

------------------------------------------------------------------------------------------------------------------------

[2023-04-02 22:45:13 #1 store] 
Database 'C:\Users\PC\eclipse-workspace\Bets21\src\main\resources\bets.temp' has been recovered (tr. 9-26)

[2023-04-02 22:45:13 #2 store] 
Database 'C:\Users\PC\eclipse-workspace\Bets21\src\main\resources\bets.temp' is opened by 6656@LAPTOP-P1V2HGHC

[2023-04-02 22:45:13 #3 type] 
Type domain.Erabiltzaile is not enhanced.

[2023-04-02 22:45:13 #4 type] 
Type domain.User is not enhanced.

[2023-04-02 22:45:13 #5 type] 
Type domain.Mugimendua is not enhanced.

[2023-04-02 22:45:13 #6 type] 
Type domain.Question is not enhanced.

[2023-04-02 22:45:13 #7 type] 
Type domain.Event is not enhanced.

[2023-04-02 22:45:13 #8 type] 
Type domain.Quote is not enhanced.

[2023-04-02 22:45:13 #9 type] 
Type domain.Admin is not enhanced.

[2023-04-02 22:45:13 #10 type] 
Type domain.Langile is not enhanced.

------------------------------------------------------------------------------------------------------------------------

[2023-04-02 23:04:35 #1 store] 
Database 'C:\Users\PC\eclipse-workspace\Bets21\src\main\resources\bets.temp' is opened by 16684@LAPTOP-P1V2HGHC

[2023-04-02 23:04:35 #2 type] 
Type domain.Erabiltzaile is not enhanced.

[2023-04-02 23:04:35 #3 type] 
Type domain.User is not enhanced.

[2023-04-02 23:04:35 #4 type] 
Type domain.Mugimendua is not enhanced.

[2023-04-02 23:04:35 #5 type] 
Type domain.Question is not enhanced.

[2023-04-02 23:04:35 #6 type] 
Type domain.Event is not enhanced.

[2023-04-02 23:04:35 #7 type] 
Type domain.Quote is not enhanced.

[2023-04-02 23:04:35 #8 type] 
Type domain.Admin is not enhanced.

[2023-04-02 23:04:35 #9 type] 
Type domain.Langile is not enhanced.

------------------------------------------------------------------------------------------------------------------------

[2023-04-02 23:05:16 #1 store] 
Database 'C:\Users\PC\eclipse-workspace\Bets21\src\main\resources\bets.temp' has been recovered (tr. 27-28)

[2023-04-02 23:05:16 #2 store] 
Database 'C:\Users\PC\eclipse-workspace\Bets21\src\main\resources\bets.temp' is opened by 2896@LAPTOP-P1V2HGHC

[2023-04-02 23:05:16 #3 type] 
Type domain.Erabiltzaile is not enhanced.

[2023-04-02 23:05:16 #4 type] 
Type domain.User is not enhanced.

[2023-04-02 23:05:16 #5 type] 
Type domain.Mugimendua is not enhanced.

[2023-04-02 23:05:16 #6 type] 
Type domain.Question is not enhanced.

[2023-04-02 23:05:16 #7 type] 
Type domain.Event is not enhanced.

[2023-04-02 23:05:16 #8 type] 
Type domain.Quote is not enhanced.

[2023-04-02 23:05:16 #9 type] 
Type domain.Admin is not enhanced.

[2023-04-02 23:05:16 #10 type] 
Type domain.Langile is not enhanced.

------------------------------------------------------------------------------------------------------------------------

[2023-04-02 23:08:37 #1 store] 
Database 'C:\Users\PC\eclipse-workspace\Bets21\src\main\resources\bets.temp' is opened by 6552@LAPTOP-P1V2HGHC

[2023-04-02 23:08:37 #2 type] 
Type domain.Erabiltzaile is not enhanced.

[2023-04-02 23:08:37 #3 type] 
Type domain.User is not enhanced.

[2023-04-02 23:08:37 #4 type] 
Type domain.Mugimendua is not enhanced.

[2023-04-02 23:08:37 #5 type] 
Type domain.Question is not enhanced.

[2023-04-02 23:08:37 #6 type] 
Type domain.Event is not enhanced.

[2023-04-02 23:08:37 #7 type] 
Type domain.Quote is not enhanced.

[2023-04-02 23:08:37 #8 type] 
Type domain.Admin is not enhanced.

[2023-04-02 23:08:37 #9 type] 
Type domain.Langile is not enhanced.

------------------------------------------------------------------------------------------------------------------------

[2023-04-02 23:09:21 #1 store] 
Database 'C:\Users\PC\eclipse-workspace\Bets21\src\main\resources\bets.temp' has been recovered (tr. 29-32)

[2023-04-02 23:09:21 #2 store] 
Database 'C:\Users\PC\eclipse-workspace\Bets21\src\main\resources\bets.temp' is opened by 11564@LAPTOP-P1V2HGHC

[2023-04-02 23:09:21 #3 type] 
Type domain.Erabiltzaile is not enhanced.

[2023-04-02 23:09:21 #4 type] 
Type domain.User is not enhanced.

[2023-04-02 23:09:21 #5 type] 
Type domain.Mugimendua is not enhanced.

[2023-04-02 23:09:21 #6 type] 
Type domain.Question is not enhanced.

[2023-04-02 23:09:21 #7 type] 
Type domain.Event is not enhanced.

[2023-04-02 23:09:21 #8 type] 
Type domain.Quote is not enhanced.

[2023-04-02 23:09:21 #9 type] 
Type domain.Admin is not enhanced.

[2023-04-02 23:09:21 #10 type] 
Type domain.Langile is not enhanced.

------------------------------------------------------------------------------------------------------------------------

[2023-04-02 23:10:19 #1 store] 
Database 'C:\Users\PC\eclipse-workspace\Bets21\src\main\resources\bets.temp' is opened by 13924@LAPTOP-P1V2HGHC

[2023-04-02 23:10:19 #2 type] 
Type domain.Erabiltzaile is not enhanced.

[2023-04-02 23:10:19 #3 type] 
Type domain.User is not enhanced.

[2023-04-02 23:10:19 #4 type] 
Type domain.Mugimendua is not enhanced.

[2023-04-02 23:10:19 #5 type] 
Type domain.Question is not enhanced.

[2023-04-02 23:10:19 #6 type] 
Type domain.Event is not enhanced.

[2023-04-02 23:10:19 #7 type] 
Type domain.Quote is not enhanced.

[2023-04-02 23:10:19 #8 type] 
Type domain.Admin is not enhanced.

[2023-04-02 23:10:19 #9 type] 
Type domain.Langile is not enhanced.

------------------------------------------------------------------------------------------------------------------------

[2023-04-02 23:10:48 #1 store] 
Database 'C:\Users\PC\eclipse-workspace\Bets21\src\main\resources\bets.temp' has been recovered (tr. 33-34)

[2023-04-02 23:10:48 #2 store] 
Database 'C:\Users\PC\eclipse-workspace\Bets21\src\main\resources\bets.temp' is opened by 9476@LAPTOP-P1V2HGHC

[2023-04-02 23:10:48 #3 type] 
Type domain.Erabiltzaile is not enhanced.

[2023-04-02 23:10:48 #4 type] 
Type domain.User is not enhanced.

[2023-04-02 23:10:48 #5 type] 
Type domain.Mugimendua is not enhanced.

[2023-04-02 23:10:48 #6 type] 
Type domain.Question is not enhanced.

[2023-04-02 23:10:48 #7 type] 
Type domain.Event is not enhanced.

[2023-04-02 23:10:48 #8 type] 
Type domain.Quote is not enhanced.

[2023-04-02 23:10:49 #9 type] 
Type domain.Admin is not enhanced.

[2023-04-02 23:10:49 #10 type] 
Type domain.Langile is not enhanced.

------------------------------------------------------------------------------------------------------------------------

[2023-04-02 23:12:12 #1 store] 
Database 'C:\Users\PC\eclipse-workspace\Bets21\src\main\resources\bets.temp' is opened by 5004@LAPTOP-P1V2HGHC

[2023-04-02 23:12:12 #2 type] 
Type domain.Erabiltzaile is not enhanced.

[2023-04-02 23:12:12 #3 type] 
Type domain.User is not enhanced.

[2023-04-02 23:12:12 #4 type] 
Type domain.Mugimendua is not enhanced.

[2023-04-02 23:12:12 #5 type] 
Type domain.Question is not enhanced.

[2023-04-02 23:12:12 #6 type] 
Type domain.Event is not enhanced.

[2023-04-02 23:12:12 #7 type] 
Type domain.Quote is not enhanced.

[2023-04-02 23:12:12 #8 type] 
Type domain.Admin is not enhanced.

[2023-04-02 23:12:12 #9 type] 
Type domain.Langile is not enhanced.

------------------------------------------------------------------------------------------------------------------------

[2023-04-02 23:19:46 #1 store] 
Database 'C:\Users\PC\eclipse-workspace\Bets21\src\main\resources\bets.temp' is opened by 8472@LAPTOP-P1V2HGHC

[2023-04-02 23:19:46 #2 type] 
Type domain.Erabiltzaile is not enhanced.

[2023-04-02 23:19:46 #3 type] 
Type domain.User is not enhanced.

[2023-04-02 23:19:46 #4 type] 
Type domain.Mugimendua is not enhanced.

[2023-04-02 23:19:46 #5 type] 
Type domain.Question is not enhanced.

[2023-04-02 23:19:46 #6 type] 
Type domain.Event is not enhanced.

[2023-04-02 23:19:46 #7 type] 
Type domain.Quote is not enhanced.

[2023-04-02 23:19:46 #8 type] 
Type domain.Admin is not enhanced.

[2023-04-02 23:19:46 #9 type] 
Type domain.Langile is not enhanced.

------------------------------------------------------------------------------------------------------------------------

[2023-04-02 23:20:45 #1 store] 
Database 'C:\Users\PC\eclipse-workspace\Bets21\src\main\resources\bets.temp' is opened by 13188@LAPTOP-P1V2HGHC

[2023-04-02 23:20:45 #2 type] 
Type domain.Erabiltzaile is not enhanced.

[2023-04-02 23:20:45 #3 type] 
Type domain.User is not enhanced.

[2023-04-02 23:20:45 #4 type] 
Type domain.Mugimendua is not enhanced.

[2023-04-02 23:20:45 #5 type] 
Type domain.Question is not enhanced.

[2023-04-02 23:20:45 #6 type] 
Type domain.Event is not enhanced.

[2023-04-02 23:20:45 #7 type] 
Type domain.Quote is not enhanced.

[2023-04-02 23:20:45 #8 type] 
Type domain.Admin is not enhanced.

[2023-04-02 23:20:45 #9 type] 
Type domain.Langile is not enhanced.

